Sequence		tRNA   	Bounds 	tRNA	Anti	Intron Bounds	Inf	HMM	2'Str	Isotype	Isotype	      
chr     	1	11464  	11540  	Ile	GAT	0	0	89.6	63.20	26.40	Ile	116.2	
chr     	2	11552  	11627  	Ala	TGC	0	0	81.8	60.10	21.70	Ala	118.0	
chr     	3	22292  	22384  	Ser	TGA	0	0	81.5	52.00	29.50	Ser	108.9	
chr     	4	31932  	32008  	Ile	GAT	0	0	89.6	63.20	26.40	Ile	116.2	
chr     	5	32020  	32095  	Ala	TGC	0	0	81.8	60.10	21.70	Ala	118.0	
chr     	6	70181  	70257  	Met	CAT	0	0	72.8	55.60	17.20	Met	106.0	
chr     	7	70267  	70338  	Glu	TTC	0	0	72.5	46.90	25.60	Glu	107.8	
chr     	8	95375  	95450  	Val	TAC	0	0	86.5	62.90	23.60	Val	107.8	
chr     	9	95455  	95530  	Thr	TGT	0	0	84.1	66.80	17.30	Thr	100.9	
chr     	10	95567  	95642  	Lys	TTT	0	0	92.2	65.50	26.70	Lys	111.2	
chr     	11	95649  	95731  	Leu	TAG	0	0	66.4	41.50	24.90	Leu	106.3	
chr     	12	95772  	95846  	Gly	GCC	0	0	93.0	70.70	22.30	Gly	115.5	
chr     	13	95861  	95946  	Leu	TAA	0	0	70.8	42.60	28.20	Leu	102.6	
chr     	14	95956  	96032  	Arg	ACG	0	0	79.3	56.30	23.00	Arg	94.1	
chr     	15	96060  	96136  	Pro	TGG	0	0	85.2	59.40	25.80	Pro	117.2	
chr     	16	96146  	96221  	Ala	TGC	0	0	81.8	60.10	21.70	Ala	118.0	
chr     	17	165754 	165825 	Asn	GTT	0	0	76.1	46.20	29.90	Asn	105.2	
chr     	18	165830 	165902 	Thr	GGT	0	0	64.8	32.80	32.00	Val	84.1	IPD:-0.50
chr     	19	165959 	166033 	Gly	GCC	0	0	93.0	70.70	22.30	Gly	115.5	
chr     	20	166064 	166140 	Arg	ACG	0	0	79.3	56.30	23.00	Arg	94.1	
chr     	21	166168 	166244 	Pro	TGG	0	0	85.2	59.40	25.80	Pro	117.2	
chr     	22	166253 	166328 	Ala	TGC	0	0	81.8	60.10	21.70	Ala	118.0	
chr     	23	194205 	194279 	Glu	TTC	0	0	79.4	53.80	25.60	Glu	107.8	
chr     	24	194283 	194358 	Val	TAC	0	0	86.5	62.90	23.60	Val	107.8	
chr     	25	194363 	194435 	Thr	TGT	0	0	77.3	60.00	17.30	Thr	94.6	
chr     	26	194458 	194542 	Tyr	GTA	0	0	78.0	48.90	29.10	Tyr	119.0	
chr     	27	194547 	194618 	Gln	TTG	0	0	68.5	42.20	26.30	Gln	96.9	
chr     	28	528704 	528778 	Asn	GTT	0	0	82.6	52.30	30.30	Asn	112.2	
chr     	29	528783 	528873 	Ser	GCT	0	0	81.0	47.60	33.40	Ser	112.3	
chr     	30	528903 	528974 	Glu	TTC	0	0	72.5	46.90	25.60	Glu	107.8	
chr     	31	528986 	529060 	Gln	TTG	0	0	75.4	49.00	26.40	Gln	96.9	
chr     	32	529087 	529162 	Lys	TTT	0	0	92.2	65.50	26.70	Lys	111.2	
chr     	33	529174 	529255 	Leu	TAG	0	0	70.1	44.70	25.40	Leu	108.7	
chr     	34	529336 	529419 	Leu	GAG	0	0	56.9	31.00	25.90	Leu	92.0	
chr     	35	635110 	635186 	Arg	ACG	0	0	79.3	56.30	23.00	Arg	94.1	
chr     	36	635200 	635273 	Gly	TCC	0	0	81.1	55.70	25.40	Gly	100.8	
chr     	37	640268 	640344 	fMet	CAT	0	0	84.8	57.00	27.80	fMet	131.4	
chr     	38	640405 	640481 	Asp	GTC	0	0	89.1	67.60	21.50	Asp	128.1	
chr     	39	951582 	951656 	Asn	GTT	0	0	83.0	53.00	30.00	Asn	111.4	
chr     	40	951662 	951753 	Ser	GGA	0	0	78.1	39.40	38.70	Ser	112.4	
chr     	41	951788 	951859 	Glu	TTC	0	0	72.5	46.90	25.60	Glu	107.8	
chr     	42	951869 	951944 	Val	TAC	0	0	86.5	62.90	23.60	Val	107.8	
chr     	43	951954 	952030 	fMet	CAT	0	0	84.8	57.00	27.80	fMet	131.4	
chr     	44	952042 	952118 	Asp	GTC	0	0	89.1	67.60	21.50	Asp	128.1	
chr     	45	952131 	952206 	Phe	GAA	0	0	89.6	65.60	24.00	Phe	112.8	
chr     	46	952212 	952284 	Thr	TGT	0	0	77.3	60.00	17.30	Thr	94.6	
chr     	47	952307 	952391 	Tyr	GTA	0	0	78.0	48.90	29.10	Tyr	119.0	
chr     	48	952397 	952470 	Trp	CCA	0	0	74.1	47.50	26.60	Trp	96.0	
chr     	49	952495 	952570 	His	GTG	0	0	67.7	46.60	21.10	His	95.8	
chr     	50	952580 	952651 	Gln	TTG	0	0	68.5	42.20	26.30	Gln	96.9	
chr     	51	952701 	952775 	Gly	GCC	0	0	93.0	70.70	22.30	Gly	115.5	
chr     	52	952781 	952851 	Cys	GCA	0	0	68.2	40.20	28.00	Cys	87.8	
chr     	53	952859 	952947 	Leu	TAA	0	0	77.7	49.50	28.20	Leu	109.1	
chr     	54	953213 	953294 	Leu	CAA	0	0	57.2	29.90	27.30	Leu	91.3	
chr     	55	967065 	967138 	Gly	TCC	0	0	81.1	55.70	25.40	Gly	100.8	
chr     	56	1262789	1262861	Val	GAC	0	0	66.6	36.30	30.30	Val	86.8	
chr     	57	2563889	2563959	Gln	TTG	0	0	64.3	40.40	23.90	Gln	85.7	
chr     	58	4155209	4155134	Lys	TTT	0	0	92.2	65.50	26.70	Lys	111.2	
chr     	59	4155124	4155053	Glu	TTC	0	0	72.5	46.90	25.60	Glu	107.8	
chr     	60	4154971	4154895	Asp	GTC	0	0	89.1	67.60	21.50	Asp	128.1	
chr     	61	4154859	4154787	Phe	GAA	0	0	82.7	58.80	23.90	Phe	106.3	
chr     	62	3545964	3545889	Arg	CCG	0	0	66.1	43.50	22.60	Arg	80.9	
chr     	63	3194527	3194455	Ala	GGC	0	0	69.9	46.50	23.40	Ala	99.8	
chr     	64	3173797	3173722	Val	TAC	0	0	86.5	62.90	23.60	Val	107.8	
chr     	65	3173689	3173614	Thr	TGT	0	0	84.1	66.80	17.30	Thr	100.9	
chr     	66	3173576	3173501	Lys	TTT	0	0	92.2	65.50	26.70	Lys	111.2	
chr     	67	3173490	3173404	Leu	CAG	0	0	68.5	40.20	28.30	Leu	104.5	
chr     	68	3173398	3173324	Gly	GCC	0	0	93.0	70.70	22.30	Gly	115.5	
chr     	69	3173309	3173224	Leu	TAA	0	0	70.8	42.60	28.20	Leu	102.6	
chr     	70	3173214	3173138	Arg	ACG	0	0	79.3	56.30	23.00	Arg	94.1	
chr     	71	3173122	3173046	Pro	TGG	0	0	85.2	59.40	25.80	Pro	117.2	
chr     	72	3173040	3172968	Ala	TGC	0	0	74.9	53.30	21.60	Ala	111.7	
chr     	73	3172948	3172872	Met	CAT	0	0	72.8	55.60	17.20	Met	106.0	
chr     	74	3172869	3172793	Ile2	CAT	0	0	87.3	57.90	29.40	Ile2	111.2	
chr     	75	3172786	3172694	Ser	TGA	0	0	81.7	52.10	29.60	Ser	108.9	
chr     	76	3172676	3172600	fMet	CAT	0	0	84.8	57.00	27.80	fMet	131.4	
chr     	77	3172588	3172512	Asp	GTC	0	0	89.1	67.60	21.50	Asp	128.1	
chr     	78	3172499	3172424	Phe	GAA	0	0	89.6	65.60	24.00	Phe	112.8	
chr     	79	3172406	3172331	His	GTG	0	0	69.7	48.30	21.40	His	97.8	
chr     	80	3172320	3172247	Gly	TCC	0	0	83.3	60.00	23.30	Gly	101.9	
chr     	81	3172231	3172155	Ile	GAT	0	0	89.8	63.50	26.30	Ile	113.7	
chr     	82	3172144	3172070	Asn	GTT	0	0	82.6	52.30	30.30	Asn	112.2	
chr     	83	3172066	3171976	Ser	GCT	0	0	79.1	47.20	31.90	Ser	110.9	
chr     	84	3171950	3171879	Glu	TTC	0	0	72.5	46.90	25.60	Glu	107.8	
chr     	85	2899889	2899816	Arg	TCT	0	0	77.5	50.80	26.70	Arg	93.3	
chr     	86	2003348	2003276	Arg	CCT	0	0	69.2	35.80	33.40	Arg	76.1	
