Sequence		tRNA   	Bounds 	tRNA	Anti	Intron Bounds	Inf	HMM	2'Str	Isotype	Isotype	      
Name    	tRNA #	Begin  	End    	Type	Codon	Begin	End	Score	Score	Score	CM	Score	Note
--------	------	-----  	------ 	----	-----	-----	----	------	-----	-----	-------	-------	------
chr     	1	11416  	11492  	Ile	GAT	0	0	89.6	63.20	26.40	Ile	116.2	
chr     	2	11507  	11582  	Ala	TGC	0	0	81.8	60.10	21.70	Ala	118.0	
chr     	3	23494  	23586  	Ser	TGA	0	0	81.5	52.00	29.50	Ser	108.9	
chr     	4	33156  	33232  	Ile	GAT	0	0	89.6	63.20	26.40	Ile	116.2	
chr     	5	33247  	33322  	Ala	TGC	0	0	81.8	60.10	21.70	Ala	118.0	
chr     	6	71210  	71286  	Met	CAT	0	0	72.8	55.60	17.20	Met	106.0	
chr     	7	71296  	71367  	Glu	TTC	0	0	72.5	46.90	25.60	Glu	107.8	
chr     	8	181799 	181870 	Glu	TTC	0	0	72.5	46.90	25.60	Glu	107.8	
chr     	9	181874 	181949 	Val	TAC	0	0	86.5	62.90	23.60	Val	107.8	
chr     	10	181955 	182027 	Thr	TGT	0	0	76.6	51.90	24.70	Thr	94.1	
chr     	11	182047 	182131 	Tyr	GTA	0	0	79.2	53.90	25.30	Tyr	123.0	
chr     	12	182136 	182207 	Gln	TTG	0	0	68.5	42.20	26.30	Gln	96.9	
chr     	13	471118 	471192 	Asn	GTT	0	0	82.6	52.30	30.30	Asn	112.2	
chr     	14	471197 	471287 	Ser	GCT	0	0	81.0	47.60	33.40	Ser	112.3	
chr     	15	471307 	471381 	Glu	TTC	0	0	79.4	53.80	25.60	Glu	107.8	
chr     	16	471393 	471467 	Gln	TTG	0	0	75.4	49.00	26.40	Gln	96.9	
chr     	17	471501 	471576 	Lys	TTT	0	0	92.2	65.50	26.70	Lys	111.2	
chr     	18	471585 	471666 	Leu	TAG	0	0	70.1	44.70	25.40	Leu	108.7	
chr     	19	471736 	471819 	Leu	GAG	0	0	56.9	31.00	25.90	Leu	92.0	
chr     	20	549961 	550037 	Arg	ACG	0	0	79.3	56.30	23.00	Arg	94.1	
chr     	21	550046 	550119 	Gly	TCC	0	0	81.1	55.70	25.40	Gly	100.8	
chr     	22	555179 	555255 	fMet	CAT	0	0	84.8	57.00	27.80	fMet	131.4	
chr     	23	555267 	555343 	Asp	GTC	0	0	89.1	67.60	21.50	Asp	128.1	
chr     	24	833404 	833478 	Asn	GTT	0	0	83.0	53.00	30.00	Asn	111.4	
chr     	25	833484 	833574 	Ser	GGA	0	0	73.4	37.70	35.70	Ser	111.3	
chr     	26	833610 	833681 	Glu	TTC	0	0	72.5	46.90	25.60	Glu	107.8	
chr     	27	833692 	833767 	Val	TAC	0	0	86.5	62.90	23.60	Val	107.8	
chr     	28	833775 	833851 	fMet	CAT	0	0	84.8	57.00	27.80	fMet	131.4	
chr     	29	833863 	833939 	Asp	GTC	0	0	89.1	67.60	21.50	Asp	128.1	
chr     	30	833952 	834027 	Phe	GAA	0	0	89.6	65.60	24.00	Phe	112.8	
chr     	31	834031 	834103 	Thr	TGT	0	0	75.0	52.00	23.00	Thr	92.7	
chr     	32	834115 	834199 	Tyr	GTA	0	0	78.0	48.90	29.10	Tyr	119.0	
chr     	33	834210 	834283 	Trp	CCA	0	0	74.1	47.50	26.60	Trp	96.0	
chr     	34	834313 	834388 	His	GTG	0	0	67.7	46.60	21.10	His	95.8	
chr     	35	834398 	834469 	Gln	TTG	0	0	68.5	42.20	26.30	Gln	96.9	
chr     	36	834520 	834594 	Gly	GCC	0	0	88.4	69.30	19.10	Gly	110.4	
chr     	37	834601 	834671 	Cys	GCA	0	0	68.2	40.20	28.00	Cys	87.8	
chr     	38	834679 	834767 	Leu	TAA	0	0	77.7	49.50	28.20	Leu	109.1	
chr     	39	835010 	835091 	Leu	CAA	0	0	58.7	32.70	26.00	Leu	93.1	
chr     	40	855658 	855731 	Gly	TCC	0	0	81.1	55.70	25.40	Gly	100.8	
chr     	41	1129367	1129439	Val	GAC	0	0	66.6	36.30	30.30	Val	86.8	
chr     	42	2434211	2434281	Gln	TTG	0	0	64.3	40.40	23.90	Gln	85.7	
chr     	43	3817890	3817815	Lys	TTT	0	0	92.2	65.50	26.70	Lys	111.2	
chr     	44	3817806	3817735	Glu	TTC	0	0	72.5	46.90	25.60	Glu	107.8	
chr     	45	3817650	3817574	Asp	GTC	0	0	89.1	67.60	21.50	Asp	128.1	
chr     	46	3817537	3817465	Phe	GAA	0	0	82.7	58.80	23.90	Phe	106.3	
chr     	47	3330330	3330255	Arg	CCG	0	0	66.1	43.50	22.60	Arg	80.9	
chr     	48	2944778	2944706	Ala	GGC	0	0	69.9	46.50	23.40	Ala	99.8	
chr     	49	2886593	2886518	Val	TAC	0	0	87.5	63.90	23.60	Val	108.7	
chr     	50	2886488	2886413	Thr	TGT	0	0	84.1	66.80	17.30	Thr	100.9	
chr     	51	2886375	2886300	Lys	TTT	0	0	92.2	65.50	26.70	Lys	111.2	
chr     	52	2886289	2886206	Leu	CAG	0	0	61.7	33.30	28.40	Leu	98.0	
chr     	53	2886196	2886122	Gly	GCC	0	0	88.4	69.30	19.10	Gly	110.4	
chr     	54	2886101	2886016	Leu	TAA	0	0	70.8	42.60	28.20	Leu	102.6	
chr     	55	2886006	2885930	Arg	ACG	0	0	79.3	56.30	23.00	Arg	94.1	
chr     	56	2885911	2885835	Pro	TGG	0	0	85.2	59.40	25.80	Pro	117.2	
chr     	57	2885830	2885758	Ala	TGC	0	0	74.9	53.30	21.60	Ala	111.7	
chr     	58	2885737	2885661	Met	CAT	0	0	72.8	55.60	17.20	Met	106.0	
chr     	59	2885658	2885582	Ile2	CAT	0	0	87.3	57.90	29.40	Ile2	111.2	
chr     	60	2885574	2885482	Ser	TGA	0	0	81.7	52.10	29.60	Ser	108.9	
chr     	61	2885462	2885386	fMet	CAT	0	0	84.8	57.00	27.80	fMet	131.4	
chr     	62	2885379	2885303	Asp	GTC	0	0	89.1	67.60	21.50	Asp	128.1	
chr     	63	2885291	2885216	Phe	GAA	0	0	89.6	65.60	24.00	Phe	112.8	
chr     	64	2885194	2885119	His	GTG	0	0	67.7	46.60	21.10	His	95.8	
chr     	65	2885109	2885036	Gly	TCC	0	0	83.3	60.00	23.30	Gly	101.9	
chr     	66	2885020	2884944	Ile	GAT	0	0	89.6	63.20	26.40	Ile	116.2	
chr     	67	2884933	2884859	Asn	GTT	0	0	82.6	52.30	30.30	Asn	112.2	
chr     	68	2884855	2884765	Ser	GCT	0	0	79.1	47.20	31.90	Ser	110.9	
chr     	69	2884761	2884690	Glu	TTC	0	0	72.5	46.90	25.60	Glu	107.8	
chr     	70	2657021	2656948	Arg	TCT	0	0	77.5	50.80	26.70	Arg	93.3	
chr     	71	2656823	2656750	Arg	TCT	0	0	75.6	49.00	26.60	Arg	90.6	
chr     	72	1922292	1922220	Arg	CCT	0	0	69.2	35.80	33.40	Arg	76.1	
