Sequence		tRNA   	Bounds 	tRNA	Anti	Intron Bounds	Inf	HMM	2'Str	Isotype	Isotype	      
Name    	tRNA #	Begin  	End    	Type	Codon	Begin	End	Score	Score	Score	CM	Score	Note
--------	------	-----  	------ 	----	-----	-----	----	------	-----	-----	-------	-------	------
chr     	1	180545 	180624 	Leu	CAA	0	0	57.2	35.00	22.20	Leu	81.4	
chr     	2	362449 	362519 	Gln	TTG	0	0	52.7	23.30	29.40	Gln	79.9	
chr     	3	572190 	572263 	Ile	GAT	0	0	69.4	33.30	36.10	Arg	78.0	IPD:-3.40
chr     	4	572425 	572498 	Ala	TGC	0	0	74.7	56.10	18.60	Ala	102.1	
chr     	5	822411 	822484 	Arg	ACG	0	0	55.1	27.50	27.60	Arg	68.3	
chr     	6	909448 	909534 	Ser	GCT	0	0	75.2	38.60	36.60	Ser	106.3	
chr     	7	909550 	909624 	Pro	TGG	0	0	75.2	51.20	24.00	Pro	98.9	
chr     	8	909658 	909731 	Arg	TCT	0	0	72.2	46.40	25.80	Arg	87.7	
chr     	9	994452 	994525 	Ile	GAT	0	0	69.4	33.30	36.10	Arg	78.0	IPD:-3.40
chr     	10	994687 	994760 	Ala	TGC	0	0	74.7	56.10	18.60	Ala	102.1	
chr     	11	1183665	1183739	Val	TAC	0	0	78.2	54.60	23.60	Val	98.4	
chr     	12	1237949	1238023	Pro	TGG	0	0	75.2	51.20	24.00	Pro	98.9	
chr     	13	1584675	1584747	Lys	TTT	0	0	71.5	41.40	30.10	Lys	86.7	
chr     	14	1584774	1584846	Lys	TTT	0	0	71.5	41.40	30.10	Lys	86.7	
chr     	15	1584890	1584972	Leu	GAG	0	0	59.5	30.90	28.60	Leu	82.8	
chr     	16	2172698	2172770	fMet	CAT	0	0	71.8	44.20	27.60	fMet	103.4	
chr     	17	2172805	2172877	fMet	CAT	0	0	71.8	44.20	27.60	fMet	103.4	
chr     	18	2567394	2567478	Ser	GGA	0	0	75.3	40.80	34.50	Ser	106.3	
chr     	19	2687391	2687464	Ala	GGC	0	0	67.5	49.60	17.90	Ala	86.5	
chr     	20	2735624	2735696	Phe	GAA	0	0	63.7	38.00	25.70	Phe	87.1	
chr     	21	2798703	2798633	Cys	GCA	0	0	48.8	19.80	29.00	Cys	75.7	
chr     	22	2445019	2444946	Ile	GAT	0	0	69.4	33.30	36.10	Arg	78.0	IPD:-3.40
chr     	23	2444784	2444711	Ala	TGC	0	0	74.7	56.10	18.60	Ala	102.1	
chr     	24	2352485	2352413	Gly	TCC	0	0	75.5	51.90	23.60	Gly	94.7	
chr     	25	2261760	2261687	Arg	TCG	0	0	61.2	42.70	18.50	Arg	76.5	
chr     	26	2216656	2216583	Met	CAT	0	0	66.4	53.20	13.20	Met	94.7	
chr     	27	1979037	1978964	Thr	TGT	0	0	72.6	60.10	12.50	Thr	87.4	
chr     	28	1753495	1753408	Ser	TGA	0	0	76.4	48.40	28.00	Ser	102.2	
chr     	29	1671692	1671619	Ile	GAT	0	0	69.4	33.30	36.10	Arg	78.0	IPD:-3.40
chr     	30	1671457	1671384	Ala	TGC	0	0	74.7	56.10	18.60	Ala	102.1	
chr     	31	1539280	1539209	Glu	TTC	0	0	52.3	24.40	27.90	Glu	85.0	
chr     	32	1539177	1539106	Glu	TTC	0	0	52.3	24.40	27.90	Glu	85.0	
chr     	33	1535929	1535856	Ile	GAT	0	0	69.4	33.30	36.10	Arg	78.0	IPD:-3.40
chr     	34	1535694	1535621	Ala	TGC	0	0	74.7	56.10	18.60	Ala	102.1	
chr     	35	1327098	1327025	Thr	TGT	0	0	72.6	60.10	12.50	Thr	87.4	
chr     	36	1326883	1326803	Tyr	GTA	0	0	66.9	38.50	28.40	Tyr	101.9	
chr     	37	1326716	1326645	Thr	GGT	0	0	69.5	48.10	21.40	Thr	86.3	
chr     	38	1325337	1325267	Trp	CCA	0	0	70.6	47.20	23.40	Trp	94.6	
chr     	39	1193595	1193522	Ile	GAT	0	0	69.4	33.30	36.10	Arg	78.0	IPD:-3.40
chr     	40	1193360	1193287	Ala	TGC	0	0	74.7	56.10	18.60	Ala	102.1	
chr     	41	1024410	1024329	Tyr	GTA	0	0	61.5	34.40	27.10	Tyr	102.6	
chr     	42	778528 	778455 	His	GTG	0	0	53.6	43.30	10.30	His	87.5	
chr     	43	652838 	652764 	Val	TAC	0	0	78.2	54.60	23.60	Val	98.4	
chr     	44	479777 	479705 	Gly	GCC	0	0	77.3	50.70	26.60	Gly	97.8	
chr     	45	479661 	479577 	Leu	TAA	0	0	61.7	36.00	25.70	Leu	96.0	
chr     	46	308334 	308261 	Asp	GTC	0	0	72.6	49.90	22.70	Asp	108.8	
chr     	47	284150 	284077 	Ile2	CAT	0	0	68.1	37.50	30.60	Ile2	90.5	
chr     	48	181003 	180922 	Leu	TAG	0	0	66.0	37.80	28.20	Leu	99.6	
chr     	49	103419 	103346 	Asn	GTT	0	0	65.8	31.40	34.40	Asn	85.2	
