Sequence		tRNA   	Bounds 	tRNA	Anti	Intron Bounds	Inf	HMM	2'Str	Isotype	Isotype	      
Name    	tRNA #	Begin  	End    	Type	Codon	Begin	End	Score	Score	Score	CM	Score	Note
--------	------	-----  	------ 	----	-----	-----	----	------	-----	-----	-------	-------	------
chr     	1	12396  	12469  	Ile	GAT	0	0	79.2	51.60	27.60	Ile	108.6	
chr     	2	12481  	12556  	Ala	TGC	0	0	82.3	60.70	21.60	Ala	116.0	
chr     	3	31105  	31178  	Ile	GAT	0	0	79.2	51.60	27.60	Ile	108.6	
chr     	4	31190  	31265  	Ala	TGC	0	0	82.3	60.70	21.60	Ala	116.0	
chr     	5	67084  	67157  	Met	CAT	0	0	71.4	50.70	20.70	Met	100.0	
chr     	6	67172  	67243  	Glu	TTC	0	0	73.4	47.90	25.50	Glu	108.0	
chr     	7	86454  	86529  	Val	TAC	0	0	86.7	63.30	23.40	Val	107.1	
chr     	8	86671  	86746  	Lys	TTT	0	0	88.2	61.30	26.90	Lys	108.8	
chr     	9	86757  	86841  	Leu	CAG	0	0	61.6	35.90	25.70	Leu	105.2	
chr     	10	86853  	86927  	Gly	GCC	0	0	91.9	69.70	22.20	Gly	115.1	
chr     	11	86943  	87028  	Leu	TAA	0	0	77.4	47.40	30.00	Leu	104.5	
chr     	12	87032  	87105  	Arg	ACG	0	0	73.9	50.20	23.70	Arg	87.5	
chr     	13	87110  	87183  	Pro	TGG	0	0	76.5	50.70	25.80	Pro	110.1	
chr     	14	87196  	87268  	Ala	TGC	0	0	75.4	53.90	21.50	Ala	109.7	
chr     	15	155333 	155407 	Asn	GTT	0	0	86.9	57.00	29.90	Asn	112.7	
chr     	16	155415 	155490 	Thr	GGT	0	0	74.6	44.10	30.50	Val	93.0	IPD:-0.20
chr     	17	155501 	155572 	Glu	TTC	0	0	73.4	47.90	25.50	Glu	108.0	
chr     	18	155676 	155750 	Gln	TTG	0	0	79.5	50.80	28.70	Gln	97.1	
chr     	19	155882 	155954 	Lys	TTT	0	0	81.3	54.50	26.80	Lys	101.7	
chr     	20	155962 	156033 	Gly	GCC	0	0	85.1	62.80	22.30	Gly	108.3	
chr     	21	156040 	156112 	Ala	TGC	0	0	75.4	53.90	21.50	Ala	109.7	
chr     	22	224699 	224773 	Asn	GTT	0	0	86.9	57.00	29.90	Asn	112.7	
chr     	23	224780 	224872 	Ser	GCT	0	0	80.0	54.60	25.40	Ser	111.5	
chr     	24	224889 	224960 	Glu	TTC	0	0	73.4	47.90	25.50	Glu	108.0	
chr     	25	224991 	225066 	Asp	GTC	0	0	81.0	58.60	22.40	Asp	117.9	
chr     	26	225080 	225154 	Gln	TTG	0	0	79.9	51.50	28.40	Gln	95.9	
chr     	27	225317 	225392 	Lys	TTT	0	0	88.2	61.30	26.90	Lys	108.8	
chr     	28	225398 	225479 	Leu	TAG	0	0	68.9	45.40	23.50	Leu	109.1	
chr     	29	225491 	225573 	Leu	GAG	0	0	64.0	30.30	33.70	Leu	96.8	
chr     	30	225647 	225723 	Arg	ACG	0	0	80.8	57.10	23.70	Arg	93.9	
chr     	31	225728 	225801 	Pro	TGG	0	0	76.5	50.70	25.80	Pro	110.1	
chr     	32	225817 	225890 	Gly	TCC	0	0	83.3	60.00	23.30	Gly	101.9	
chr     	33	552753 	552828 	Val	TAC	0	0	86.7	63.30	23.40	Val	107.1	
chr     	34	552840 	552916 	fMet	CAT	0	0	83.0	55.20	27.80	fMet	131.9	
chr     	35	552921 	552996 	Asp	GTC	0	0	81.0	58.60	22.40	Asp	117.9	
chr     	36	553174 	553249 	Phe	GAA	0	0	84.9	58.40	26.50	Phe	111.3	
chr     	37	553263 	553335 	Thr	TGT	0	0	82.8	61.70	21.10	Thr	100.1	
chr     	38	553346 	553418 	Lys	TTT	0	0	81.3	54.50	26.80	Lys	101.7	
chr     	39	553426 	553500 	Gly	GCC	0	0	89.5	67.20	22.30	Gly	112.1	
chr     	40	553508 	553593 	Leu	TAA	0	0	77.4	47.40	30.00	Leu	104.5	
chr     	41	553597 	553670 	Arg	ACG	0	0	69.6	47.40	22.20	Arg	84.2	
chr     	42	553675 	553748 	Pro	CGG	0	0	72.3	45.40	26.90	Pro	106.5	
chr     	43	553758 	553833 	Ala	TGC	0	0	82.3	60.70	21.60	Ala	116.0	
chr     	44	553851 	553924 	Met	CAT	0	0	71.4	50.70	20.70	Met	100.0	
chr     	45	553933 	554009 	Ile2	CAT	0	0	86.3	57.00	29.30	Ile2	110.2	
chr     	46	554027 	554117 	Ser	TGA	0	0	91.4	61.50	29.90	Ser	114.0	
chr     	47	554148 	554223 	Thr	TGT	0	0	89.7	68.60	21.10	Thr	106.4	
chr     	48	554232 	554304 	His	GTG	0	0	64.6	43.40	21.20	His	91.5	
chr     	49	554335 	554405 	Gly	TCC	0	0	76.5	53.20	23.30	Gly	95.1	
chr     	50	554411 	554487 	Ile	GAT	0	0	86.1	58.50	27.60	Ile	111.7	
chr     	51	554730 	554804 	Asn	GTT	0	0	86.9	57.00	29.90	Asn	112.7	
chr     	52	554809 	554901 	Ser	GCT	0	0	85.6	54.00	31.60	Ser	114.3	
chr     	53	554907 	554978 	Glu	TTC	0	0	73.4	47.90	25.50	Glu	108.0	
chr     	54	819739 	819811 	Val	GAC	0	0	67.8	38.60	29.20	Val	87.6	
chr     	55	1308191	1308266	Arg	CCT	0	0	79.2	60.20	19.00	Arg	90.3	
chr     	56	1581848	1581921	Pro	CGG	0	0	72.3	45.40	26.90	Pro	106.5	
chr     	57	1581933	1582005	Ala	CGC	0	0	73.1	51.60	21.50	Ala	102.3	
chr     	58	1582015	1582108	Ser	CGA	0	0	69.6	42.30	27.30	Ser	102.4	
chr     	59	2144557	2144630	Pro	GGG	0	0	68.7	43.00	25.70	Pro	107.2	
chr     	60	2975951	2976023	Ala	GGC	0	0	66.4	44.30	22.10	Ala	89.8	
chr     	61	3109036	3108965	Arg	CCG	0	0	58.2	33.40	24.80	Arg	64.0	
chr     	62	2967605	2967531	Asn	GTT	0	0	89.3	60.70	28.60	Asn	114.1	
chr     	63	2967526	2967436	Ser	GGA	0	0	76.5	35.60	40.90	Ser	113.1	
chr     	64	2967422	2967351	Glu	TTC	0	0	73.4	47.90	25.50	Glu	108.0	
chr     	65	2967341	2967266	Val	TAC	0	0	86.7	63.30	23.40	Val	107.1	
chr     	66	2967254	2967178	fMet	CAT	0	0	83.0	55.20	27.80	fMet	131.9	
chr     	67	2967173	2967098	Asp	GTC	0	0	81.0	58.60	22.40	Asp	117.9	
chr     	68	2967062	2966987	Phe	GAA	0	0	84.9	58.40	26.50	Phe	111.3	
chr     	69	2966949	2966874	Thr	CGT	0	0	84.4	62.90	21.50	Thr	104.4	
chr     	70	2966867	2966783	Tyr	GTA	0	0	78.1	53.70	24.40	Tyr	122.7	
chr     	71	2966776	2966703	Trp	CCA	0	0	75.1	48.50	26.60	Trp	95.7	
chr     	72	2966685	2966613	His	GTG	0	0	64.6	43.40	21.20	His	91.5	
chr     	73	2966596	2966522	Gln	TTG	0	0	75.6	49.00	26.60	Gln	95.8	
chr     	74	2966516	2966445	Gly	GCC	0	0	85.1	62.80	22.30	Gly	108.3	
chr     	75	2966435	2966362	Cys	GCA	0	0	78.6	46.60	32.00	Cys	95.8	
chr     	76	2966304	2966220	Leu	CAA	0	0	71.2	42.30	28.90	Leu	98.0	
chr     	77	2169263	2169192	Gly	GCC	0	0	85.1	62.80	22.30	Gly	108.3	
chr     	78	2169182	2169109	Arg	ACG	0	0	73.9	50.20	23.70	Arg	87.5	
chr     	79	2169005	2168935	Gly	CCC	0	0	74.7	51.40	23.30	Gly	96.0	
chr     	80	2168912	2168836	Arg	TCT	0	0	84.8	59.10	25.70	Arg	97.0	
chr     	81	1790077	1790006	Gln	TTG	0	0	73.6	44.90	28.70	Gln	97.2	
chr     	82	1744762	1744688	Val	GAC	0	0	74.8	45.60	29.20	Val	95.5	
chr     	83	1744683	1744612	Ala	GGC	0	0	68.6	44.00	24.60	Ala	87.7	
chr     	84	1744603	1744520	Leu	GAG	0	0	63.8	31.80	32.00	Leu	93.3	
chr     	85	1744502	1744410	Ser	CGA	0	0	80.7	53.20	27.50	Ser	109.5	
chr     	86	1744372	1744300	Thr	CGT	0	0	77.5	56.00	21.50	Thr	98.0	
chr     	87	1744288	1744207	Tyr	GTA	0	0	71.2	46.90	24.30	Tyr	116.0	
chr     	88	1744188	1744115	Ile	GAT	0	0	79.2	51.60	27.60	Ile	108.6	
