Sequence		tRNA   	Bounds 	tRNA	Anti	Intron Bounds	Inf	HMM	2'Str	Isotype	Isotype	      
Name    	tRNA #	Begin  	End    	Type	Codon	Begin	End	Score	Score	Score	CM	Score	Note
--------	------	-----  	------ 	----	-----	-----	----	------	-----	-----	-------	-------	------
chr     	1	388241 	388317 	Pro	GGG	0	0	70.4	43.90	26.50	Pro	102.4	
chr     	2	388325 	388410 	Tyr	GTA	0	0	76.7	50.30	26.40	Tyr	118.6	
chr     	3	1125508	1125583	Ala	GGC	0	0	74.4	51.20	23.20	Ala	111.4	
chr     	4	1155324	1155413	Ser	TGA	0	0	93.1	62.00	31.10	Ser	122.9	
chr     	5	1171958	1172034	Arg	ACG	0	0	79.1	64.30	14.80	Arg	98.8	
chr     	6	1172120	1172196	Arg	CCT	0	0	66.6	45.20	21.40	Arg	78.3	
chr     	7	1172875	1172966	Ser	CGA	0	0	90.0	68.90	21.10	Ser	116.5	
chr     	8	1183419	1183512	Ser	GGA	0	0	92.9	60.90	32.00	Ser	117.7	
chr     	9	1196180	1196255	Ala	CGC	0	0	77.3	60.30	17.00	Ala	108.3	
chr     	10	1285509	1285584	fMet	CAT	0	0	86.3	57.20	29.10	fMet	121.3	
chr     	11	1285590	1285667	Met	CAT	0	0	78.2	52.80	25.40	Met	102.8	
chr     	12	1285675	1285750	Glu	TTC	0	0	75.4	48.00	27.40	Glu	97.6	
chr     	13	1355220	1355296	Ile	GAT	0	0	83.8	53.70	30.10	Ile	110.2	
chr     	14	1358521	1358595	Asn	GTT	0	0	82.0	50.30	31.70	Asn	107.1	
chr     	15	1763927	1764003	Asp	GTC	0	0	78.8	59.20	19.60	Asp	96.8	
chr     	16	1764008	1764083	Phe	GAA	0	0	80.3	54.90	25.40	Phe	110.8	
chr     	17	1764087	1764161	Gly	GCC	0	0	89.7	65.70	24.00	Gly	110.2	
chr     	18	1764566	1764641	Cys	GCA	0	0	56.0	37.10	18.90	Cys	75.0	
chr     	19	1764660	1764746	Leu	TAA	0	0	84.3	50.30	34.00	Leu	114.9	
chr     	20	1820771	1820847	Ile	GAT	0	0	83.8	53.70	30.10	Ile	110.2	
chr     	21	1820854	1820929	Ala	TGC	0	0	85.0	68.00	17.00	Ala	112.3	
chr     	22	1824189	1824263	Asn	GTT	0	0	82.0	50.30	31.70	Asn	107.1	
chr     	23	1824270	1824345	fMet	CAT	0	0	86.3	58.50	27.80	fMet	125.2	
chr     	24	1994428	1994502	Ile2	CAT	0	0	82.4	57.00	25.40	Ile2	100.4	
chr     	25	2282505	2282580	Ala	GGC	0	0	74.4	51.20	23.20	Ala	111.4	
chr     	26	2285855	2285948	Ser	GGA	0	0	89.8	56.60	33.20	Ser	112.9	
chr     	27	2285955	2286031	Pro	CGG	0	0	75.9	52.20	23.70	Pro	104.6	
chr     	28	2286042	2286115	Gly	TCC	0	0	86.1	63.40	22.70	Gly	100.7	
chr     	29	2286130	2286205	His	GTG	0	0	70.0	45.20	24.80	His	102.3	
chr     	30	2286207	2286281	Cys	GCA	0	0	77.1	43.30	33.80	Cys	93.6	
chr     	31	2286291	2286367	Val	GAC	0	0	82.6	57.20	25.40	Val	105.5	
chr     	32	2286371	2286446	Phe	GAA	0	0	82.2	56.80	25.40	Phe	111.6	
chr     	33	2286453	2286537	Tyr	GTA	0	0	75.1	47.10	28.00	Tyr	122.8	
chr     	34	2286542	2286616	Gln	TTG	0	0	75.9	50.00	25.90	Gln	97.6	
chr     	35	2286634	2286709	Lys	TTT	0	0	87.4	58.00	29.40	Lys	105.8	
chr     	36	2286714	2286789	Glu	TTC	0	0	76.4	49.40	27.00	Glu	106.1	
chr     	37	2286795	2286870	Val	TAC	0	0	82.3	57.10	25.20	Val	104.6	
chr     	38	2286876	2286952	Asp	GTC	0	0	78.7	59.30	19.40	Asp	100.6	
chr     	39	2286960	2287050	Ser	GCT	0	0	81.6	47.70	33.90	Ser	110.3	
chr     	40	2287094	2287170	Pro	GGG	0	0	70.4	43.80	26.60	Pro	105.6	
chr     	41	2287201	2287287	Leu	CAG	0	0	71.4	41.80	29.60	Leu	108.2	
chr     	42	2287291	2287365	Gly	GCC	0	0	91.8	68.60	23.20	Gly	112.6	
chr     	43	2287370	2287446	Arg	ACG	0	0	79.1	64.30	14.80	Arg	98.8	
chr     	44	2287451	2287526	Thr	GGT	0	0	76.3	51.80	24.50	Thr	96.9	
chr     	45	2333631	2333706	Lys	TTT	0	0	87.4	58.00	29.40	Lys	105.8	
chr     	46	2333711	2333786	Thr	GGT	0	0	76.3	51.80	24.50	Thr	96.9	
chr     	47	2333795	2333877	Leu	GAG	0	0	59.4	36.40	23.00	Leu	93.5	
chr     	48	2346459	2346535	Ile	GAT	0	0	83.8	53.70	30.10	Ile	110.2	
chr     	49	2349695	2349769	Asn	GTT	0	0	82.0	50.30	31.70	Asn	107.1	
chr     	50	2349776	2349851	fMet	CAT	0	0	86.3	58.50	27.80	fMet	125.2	
chr     	51	2472047	2472133	Leu	CAG	0	0	72.6	42.50	30.10	Leu	111.4	
chr     	52	2498252	2498328	Pro	CGG	0	0	83.5	58.40	25.10	Pro	113.9	
chr     	53	2555094	2555169	Glu	TTC	0	0	75.4	48.00	27.40	Glu	97.6	
chr     	54	2555172	2555247	Phe	GAA	0	0	80.3	54.90	25.40	Phe	110.8	
chr     	55	2555254	2555338	Tyr	GTA	0	0	75.1	47.10	28.00	Tyr	122.8	
chr     	56	2555343	2555417	Gln	TTG	0	0	75.9	50.00	25.90	Gln	97.6	
chr     	57	2555436	2555511	Lys	TTT	0	0	87.4	58.00	29.40	Lys	105.8	
chr     	58	2555516	2555590	Gly	GCC	0	0	90.8	67.60	23.20	Gly	110.2	
chr     	59	2555600	2555675	His	GTG	0	0	73.8	50.00	23.80	His	97.9	
chr     	60	3036066	3035991	Ala	GGC	0	0	74.4	51.20	23.20	Ala	111.4	
chr     	61	2801093	2801019	Cys	GCA	0	0	75.8	43.00	32.80	Cys	95.9	
chr     	62	2801011	2800935	Val	GAC	0	0	82.6	57.20	25.40	Val	105.5	
chr     	63	2800843	2800759	Tyr	GTA	0	0	75.1	47.10	28.00	Tyr	122.8	
chr     	64	2800754	2800680	Gln	TTG	0	0	75.9	50.00	25.90	Gln	97.6	
chr     	65	2800661	2800586	Lys	TTT	0	0	87.4	58.00	29.40	Lys	105.8	
chr     	66	2800581	2800506	Glu	TTC	0	0	76.4	49.40	27.00	Glu	106.1	
chr     	67	2800498	2800424	Asn	GTT	0	0	82.0	50.30	31.70	Asn	107.1	
chr     	68	2800417	2800342	fMet	CAT	0	0	86.3	58.50	27.80	fMet	125.2	
chr     	69	2800325	2800235	Ser	GCT	0	0	81.6	47.70	33.90	Ser	110.3	
chr     	70	2800192	2800115	Met	CAT	0	0	78.2	52.80	25.40	Met	102.8	
chr     	71	2799994	2799920	Gly	GCC	0	0	90.8	67.50	23.30	Gly	109.6	
chr     	72	2799915	2799839	Arg	ACG	0	0	79.1	64.30	14.80	Arg	98.8	
chr     	73	2799796	2799720	Pro	GGG	0	0	70.4	43.90	26.50	Pro	102.4	
chr     	74	2799687	2799601	Leu	CAG	0	0	72.0	40.60	31.40	Leu	109.1	
chr     	75	2799599	2799525	Gly	GCC	0	0	90.8	67.60	23.20	Gly	110.2	
chr     	76	2796978	2796902	Ile	GAT	0	0	83.8	53.70	30.10	Ile	110.2	
chr     	77	2796895	2796820	Ala	TGC	0	0	85.0	68.00	17.00	Ala	112.3	
chr     	78	2497958	2497882	Val	CAC	0	0	86.0	62.40	23.60	Val	103.6	
chr     	79	2497873	2497786	Leu	CAA	0	0	76.0	48.70	27.30	Leu	104.7	
chr     	80	2497778	2497704	Gly	GCC	0	0	90.7	66.70	24.00	Gly	112.6	
chr     	81	2497684	2497611	Gly	CCC	0	0	86.1	63.30	22.80	Gly	104.6	
chr     	82	2497596	2497522	Trp	CCA	0	0	87.0	67.70	19.30	Trp	97.4	
chr     	83	2497503	2497428	Thr	GGT	0	0	73.9	49.10	24.80	Thr	97.0	
chr     	84	2497420	2497338	Leu	GAG	0	0	59.4	36.40	23.00	Leu	93.5	
chr     	85	2496609	2496532	Met	CAT	0	0	78.2	52.80	25.40	Met	102.8	
chr     	86	2496527	2496451	Val	GAC	0	0	82.6	57.20	25.40	Val	105.5	
chr     	87	2465461	2465386	Thr	TGT	0	0	86.3	67.60	18.70	Thr	103.1	
chr     	88	2343030	2342963	Phe	AAA	0	0	36.2	24.10	12.10	Cys	33.8	IPD:-8.00
chr     	89	2322973	2322899	Arg	CCG	0	0	83.3	58.80	24.50	Arg	90.7	
chr     	90	2322889	2322813	Val	GAC	0	0	82.6	57.20	25.40	Val	105.5	
chr     	91	1499509	1499434	Thr	CGT	0	0	88.4	66.90	21.50	Thr	108.2	
chr     	92	1058233	1058136	SeC	TCA	0	0	110.9	0.00	0.00	SeC	110.9	
chr     	93	1015093	1015018	Glu	TTC	0	0	76.4	49.40	27.00	Glu	106.1	
chr     	94	1014942	1014866	Asp	GTC	0	0	78.8	59.20	19.60	Asp	96.8	
chr     	95	984824 	984750 	Arg	CCG	0	0	83.4	59.00	24.40	Arg	90.9	
chr     	96	984744 	984669 	Trp	CCA	0	0	84.7	65.40	19.30	Trp	93.7	
chr     	97	982173 	982098 	Ala	GGC	0	0	74.4	51.20	23.20	Ala	111.4	
chr     	98	328880 	328804 	Pro	TGG	0	0	87.6	64.80	22.80	Pro	118.2	
chr     	99	328743 	328667 	Arg	TCT	0	0	88.4	68.90	19.50	Arg	102.6	
chr     	100	328601 	328519 	Leu	TAG	0	0	71.2	49.80	21.40	Leu	103.6	
chr     	101	224495 	224420 	Ala	GGC	0	0	74.4	51.20	23.20	Ala	111.4	
chr     	102	221160 	221086 	Gln	TTG	0	0	75.9	50.00	25.90	Gln	97.6	
chr     	103	221067 	220992 	Lys	TTT	0	0	87.4	58.00	29.40	Lys	105.8	
chr     	104	220987 	220912 	Glu	TTC	0	0	76.4	49.40	27.00	Glu	106.1	
chr     	105	220901 	220826 	Val	TAC	0	0	82.3	57.10	25.20	Val	104.6	
chr     	106	220820 	220744 	Asp	GTC	0	0	78.7	59.30	19.40	Asp	100.6	
chr     	107	107246 	107171 	Thr	TGT	0	0	87.3	68.50	18.80	Thr	103.6	
chr     	108	106044 	105958 	Leu	CAG	0	0	71.4	41.80	29.60	Leu	108.2	
chr     	109	105956 	105882 	Gly	GCC	0	0	90.8	67.60	23.20	Gly	110.2	
