Sequence		tRNA   	Bounds 	tRNA	Anti	Intron Bounds	Inf	HMM	2'Str	Isotype	Isotype	      
Name    	tRNA #	Begin  	End    	Type	Codon	Begin	End	Score	Score	Score	CM	Score	Note
--------	------	-----  	------ 	----	-----	-----	----	------	-----	-----	-------	-------	------
chr     	1	152699 	152775 	Ile	GAT	0	0	79.2	56.80	22.40	Ile	106.9	
chr     	2	152828 	152903 	Ala	TGC	0	0	79.1	54.00	25.10	Ala	115.6	
chr     	3	160440 	160515 	Thr	TGT	0	0	87.3	60.80	26.50	Thr	106.5	
chr     	4	160523 	160607 	Tyr	GTA	0	0	77.6	50.10	27.50	Tyr	119.6	
chr     	5	160644 	160717 	Gly	TCC	0	0	69.1	45.80	23.30	Gly	85.9	
chr     	6	208343 	208419 	Asp	GTC	0	0	93.0	75.90	17.10	Asp	130.6	
chr     	7	331983 	332059 	Arg	CCG	0	0	82.8	57.70	25.10	Arg	92.7	
chr     	8	332103 	332178 	His	GTG	0	0	72.6	50.30	22.30	His	105.9	
chr     	9	332263 	332339 	Pro	TGG	0	0	78.2	45.70	32.50	Pro	105.9	
chr     	10	332392 	332468 	Pro	TGG	0	0	78.2	45.70	32.50	Pro	105.9	
chr     	11	413069 	413159 	Ser	TGA	0	0	80.4	45.60	34.80	Ser	113.5	
chr     	12	633941 	634016 	Gly	GCC	0	0	82.7	51.50	31.20	Val	93.2	IPD:-0.40
chr     	13	634062 	634137 	Gly	GCC	0	0	82.7	51.50	31.20	Val	93.2	IPD:-0.40
chr     	14	634145 	634220 	Gly	GCC	0	0	82.7	51.50	31.20	Val	93.2	IPD:-0.40
chr     	15	634229 	634304 	Gly	GCC	0	0	82.7	51.50	31.20	Val	93.2	IPD:-0.40
chr     	16	634344 	634450 	Gly	GCC	0	0	40.9	26.50	14.40	Gly	41.4	
chr     	17	1416121	1416212	Ser	GCT	0	0	78.9	58.90	20.00	Ser	104.2	
chr     	18	1416234	1416310	Arg	ACG	0	0	81.7	59.50	22.20	Arg	96.5	
chr     	19	1416348	1416424	Arg	ACG	0	0	81.7	59.50	22.20	Arg	96.5	
chr     	20	1416450	1416526	Arg	ACG	0	0	81.7	59.50	22.20	Arg	96.5	
chr     	21	1416580	1416656	Arg	ACG	0	0	81.7	59.50	22.20	Arg	96.5	
chr     	22	1416665	1416756	Ser	GCT	0	0	78.9	58.90	20.00	Ser	104.2	
chr     	23	1668903	1668978	Ala	GGC	0	0	73.9	47.00	26.90	Ala	105.8	
chr     	24	1669059	1669134	Glu	TTC	0	0	63.1	33.60	29.50	Glu	103.1	
chr     	25	1669242	1669317	Glu	TTC	0	0	63.1	33.60	29.50	Glu	103.1	
chr     	26	1669425	1669500	Glu	TTC	0	0	63.1	33.60	29.50	Glu	103.1	
chr     	27	1669608	1669683	Glu	TTC	0	0	63.1	33.60	29.50	Glu	103.1	
chr     	28	1669791	1669866	Glu	TTC	0	0	63.1	33.60	29.50	Glu	103.1	
chr     	29	1669974	1670049	Glu	TTC	0	0	63.1	33.60	29.50	Glu	103.1	
chr     	30	1670171	1670246	Glu	TTC	0	0	63.1	33.60	29.50	Glu	103.1	
chr     	31	1670321	1670396	Ala	GGC	0	0	73.9	47.00	26.90	Ala	105.8	
chr     	32	1752885	1752960	Lys	TTT	0	0	90.6	64.30	26.30	Lys	106.9	
chr     	33	1752999	1753074	Lys	TTT	0	0	90.6	64.30	26.30	Lys	106.9	
chr     	34	1753113	1753188	Lys	TTT	0	0	90.6	64.30	26.30	Lys	106.9	
chr     	35	1753228	1753324	Undet	NNN	0	0	32.4	24.10	8.30	Lys	47.5	trunc_start:2
chr     	36	1753363	1753438	Lys	TTT	0	0	90.6	64.30	26.30	Lys	106.9	
chr     	37	1753478	1753574	Undet	NNN	0	0	32.4	24.10	8.30	Lys	47.5	trunc_start:2
chr     	38	1753613	1753688	Lys	TTT	0	0	90.6	64.30	26.30	Lys	106.9	
chr     	39	1753728	1753824	Undet	NNN	0	0	32.4	24.10	8.30	Lys	47.5	trunc_start:2
chr     	40	1753864	1753939	Lys	TTT	0	0	90.6	64.30	26.30	Lys	106.9	
chr     	41	1753979	1754054	Lys	TTT	0	0	90.6	64.30	26.30	Lys	106.9	
chr     	42	1754246	1754342	Undet	NNN	0	0	25.2	21.90	3.30	Lys	30.0	pseudo,trunc_start:2
chr     	43	2102518	2102593	Gly	GCC	0	0	82.7	51.50	31.20	Val	93.2	IPD:-0.40
chr     	44	2102606	2102679	Cys	GCA	0	0	61.7	32.90	28.80	Cys	85.7	
chr     	45	2102719	2102805	Leu	TAA	0	0	74.3	39.10	35.20	Leu	111.8	
chr     	46	2229890	2229977	Ser	GGA	0	0	73.4	31.00	42.40	Ser	112.4	
chr     	47	2350595	2350671	Val	GAC	0	0	83.4	54.40	29.00	Val	97.2	
chr     	48	2350692	2350768	Val	GAC	0	0	83.4	54.40	29.00	Val	97.2	
chr     	49	2378777	2378861	Tyr	GTA	0	0	77.6	50.10	27.50	Tyr	119.6	
chr     	50	2378893	2378977	Tyr	GTA	0	0	77.6	50.10	27.50	Tyr	119.6	
chr     	51	2379018	2379102	Tyr	GTA	0	0	77.6	50.10	27.50	Tyr	119.6	
chr     	52	2385603	2385678	Asn	GTT	0	0	79.6	49.60	30.00	Asn	111.1	
chr     	53	2385721	2385796	Asn	GTT	0	0	80.9	50.90	30.00	Asn	116.3	
chr     	54	2385823	2385898	Asn	GTT	0	0	79.6	49.60	30.00	Asn	111.1	
chr     	55	2385923	2385998	Asn	GTT	0	0	73.1	49.60	23.50	Asn	103.7	
chr     	56	3497824	3497899	Phe	GAA	0	0	76.8	48.30	28.50	Phe	105.9	
chr     	57	4434655	4434579	Asp	GTC	0	0	93.0	75.90	17.10	Asp	130.6	
chr     	58	4122734	4122658	Ile	GAT	0	0	79.2	56.80	22.40	Ile	106.9	
chr     	59	4122543	4122468	Ala	TGC	0	0	79.1	54.00	25.10	Ala	115.6	
chr     	60	4119018	4118943	Thr	GGT	0	0	80.0	44.10	35.90	Thr	100.3	
chr     	61	3884492	3884408	Leu	CAA	0	0	66.1	42.40	23.70	Leu	104.0	
chr     	62	3884356	3884270	Leu	CAG	0	0	67.3	42.70	24.60	Leu	110.2	
chr     	63	3483088	3483012	Trp	CCA	0	0	76.3	60.10	16.20	Trp	96.1	
chr     	64	3457530	3457454	Met	CAT	0	0	78.6	60.30	18.30	Met	113.5	
chr     	65	3457384	3457300	Leu	TAG	0	0	67.8	39.70	28.10	Leu	110.9	
chr     	66	3457251	3457177	Gln	TTG	0	0	67.1	36.30	30.80	Gln	96.6	
chr     	67	3457151	3457077	Gln	TTG	0	0	67.1	36.30	30.80	Gln	96.6	
chr     	68	3457056	3456980	Met	CAT	0	0	78.6	60.30	18.30	Met	113.5	
chr     	69	3456847	3456763	Leu	TAG	0	0	67.8	39.70	28.10	Leu	110.9	
chr     	70	3456717	3456643	Gln	TTG	0	0	67.1	36.30	30.80	Gln	96.6	
chr     	71	3456588	3456504	Leu	TAG	0	0	67.8	39.70	28.10	Leu	110.9	
chr     	72	3355215	3355130	Leu	GAG	0	0	63.4	40.50	22.90	Leu	100.8	
chr     	73	3355026	3354950	fMet	CAT	0	0	80.2	53.30	26.90	fMet	128.5	
chr     	74	2953421	2953345	Pro	TGG	0	0	78.2	45.70	32.50	Pro	105.9	
chr     	75	2953281	2953205	Arg	TCT	0	0	90.4	69.50	20.90	Arg	104.8	
chr     	76	2953196	2953121	His	GTG	0	0	72.6	50.30	22.30	His	105.9	
chr     	77	2755130	2755054	Ile	GAT	0	0	79.2	56.80	22.40	Ile	106.9	
chr     	78	2754939	2754864	Ala	TGC	0	0	79.1	54.00	25.10	Ala	115.6	
chr     	79	2445498	2445422	Asp	GTC	0	0	93.0	75.90	17.10	Asp	130.6	
chr     	80	2445372	2445296	Asp	GTC	0	0	93.0	75.90	17.10	Asp	130.6	
chr     	81	2445201	2445114	Asp	GTC	0	0	52.2	56.30	-4.10	Asp	100.5	pseudo,trunc_start:1
chr     	82	2327712	2327622	Ser	TGA	0	0	80.4	45.60	34.80	Ser	113.5	
chr     	83	2312236	2312161	Gly	GCC	0	0	82.7	51.50	31.20	Val	93.2	IPD:-0.40
chr     	84	2312125	2312052	Cys	GCA	0	0	61.7	32.90	28.80	Cys	85.7	
chr     	85	2312013	2311927	Leu	TAA	0	0	70.6	34.50	36.10	Leu	106.6	
chr     	86	2082764	2082688	fMet	CAT	0	0	77.6	49.50	28.10	fMet	127.8	
chr     	87	2082640	2082564	fMet	CAT	0	0	78.5	50.50	28.00	fMet	127.3	
chr     	88	2082516	2082440	fMet	CAT	0	0	78.5	50.50	28.00	fMet	127.3	
chr     	89	2082393	2082317	fMet	CAT	0	0	78.5	50.50	28.00	fMet	127.3	
chr     	90	1695223	1695147	Pro	GGG	0	0	66.2	37.20	29.00	Pro	107.2	
chr     	91	1666408	1666333	Val	TAC	0	0	82.8	53.20	29.60	Val	108.7	
chr     	92	1666298	1666223	Val	TAC	0	0	82.8	53.20	29.60	Val	108.7	
chr     	93	1666163	1666088	Val	TAC	0	0	82.8	53.20	29.60	Val	108.7	
chr     	94	1666049	1665974	Val	TAC	0	0	82.8	53.20	29.60	Val	108.7	
chr     	95	1665936	1665861	Val	TAC	0	0	82.8	53.20	29.60	Val	108.7	
chr     	96	1665822	1665747	Val	TAC	0	0	82.8	53.20	29.60	Val	108.7	
chr     	97	1548027	1547952	Arg	CCT	0	0	62.7	29.50	33.20	Arg	75.3	
chr     	98	1467083	1466990	Undet	NNN	0	0	29.7	25.50	4.20	Ile2	26.7	pseudo
chr     	99	1296167	1296092	Phe	GAA	0	0	76.8	48.30	28.50	Phe	105.9	
chr     	100	1296084	1296009	Thr	TGT	0	0	87.3	60.80	26.50	Thr	106.5	
chr     	101	1153201	1153125	Ile2	CAT	0	0	84.0	67.70	16.30	Ile2	108.9	
chr     	102	1138326	1138259	Met	CAT	0	0	25.9	18.70	7.20	Arg	17.6	IPD:-8.20
