Sequence		tRNA   	Bounds 	tRNA	Anti	Intron Bounds	Inf	HMM	2'Str	Isotype	Isotype	      
Name    	tRNA #	Begin  	End    	Type	Codon	Begin	End	Score	Score	Score	CM	Score	Note
--------	------	-----  	------ 	----	-----	-----	----	------	-----	-----	-------	-------	------
chr     	1	493117 	493193 	Ile	GAT	0	0	79.2	56.80	22.40	Ile	106.9	
chr     	2	493264 	493339 	Ala	TGC	0	0	79.1	54.00	25.10	Ala	115.6	
chr     	3	503973 	504048 	Thr	GGT	0	0	80.0	44.10	35.90	Thr	100.3	
chr     	4	628361 	628451 	Ser	TGA	0	0	81.0	46.60	34.40	Ser	111.9	
chr     	5	937820 	937895 	Gly	GCC	0	0	82.7	51.50	31.20	Val	93.2	IPD:-0.40
chr     	6	937947 	938022 	Gly	GCC	0	0	82.7	51.50	31.20	Val	93.2	IPD:-0.40
chr     	7	938037 	938112 	Gly	GCC	0	0	82.7	51.50	31.20	Val	93.2	IPD:-0.40
chr     	8	938127 	938202 	Gly	GCC	0	0	82.7	51.50	31.20	Val	93.2	IPD:-0.40
chr     	9	1569189	1569280	Ser	GCT	0	0	88.8	61.30	27.50	Ser	114.2	
chr     	10	1569303	1569379	Arg	ACG	0	0	88.6	66.60	22.00	Arg	98.1	
chr     	11	1569415	1569491	Arg	ACG	0	0	88.6	66.60	22.00	Arg	98.1	
chr     	12	1569526	1569602	Arg	ACG	0	0	88.6	66.60	22.00	Arg	98.1	
chr     	13	1569678	1569754	Arg	ACG	0	0	88.2	65.70	22.50	Arg	101.7	
chr     	14	1569777	1569868	Ser	GCT	0	0	88.8	61.30	27.50	Ser	114.2	
chr     	15	1569993	1570069	Arg	ACG	0	0	88.2	65.70	22.50	Arg	101.7	
chr     	16	1570115	1570191	Arg	ACG	0	0	88.6	66.60	22.00	Arg	98.1	
chr     	17	1570281	1570357	Arg	ACG	0	0	88.2	65.70	22.50	Arg	101.7	
chr     	18	1570404	1570480	Arg	ACG	0	0	88.6	66.60	22.00	Arg	98.1	
chr     	19	1570569	1570645	Arg	ACG	0	0	88.2	65.70	22.50	Arg	101.7	
chr     	20	1570667	1570758	Ser	GCT	0	0	88.8	61.30	27.50	Ser	114.2	
chr     	21	1838054	1838130	Pro	TGG	0	0	77.3	44.80	32.50	Pro	106.5	
chr     	22	1838221	1838297	Arg	TCT	0	0	92.0	72.30	19.70	Arg	105.8	
chr     	23	1838306	1838381	His	GTG	0	0	70.9	48.60	22.30	His	105.6	
chr     	24	2147817	2147893	Ile	GAT	0	0	79.2	56.80	22.40	Ile	106.9	
chr     	25	2148047	2148122	Ala	TGC	0	0	79.1	54.00	25.10	Ala	115.6	
chr     	26	2236549	2236624	Lys	TTT	0	0	92.5	66.10	26.40	Lys	109.1	
chr     	27	2236695	2236770	Lys	TTT	0	0	93.7	68.40	25.30	Lys	109.9	
chr     	28	2236886	2236961	Lys	TTT	0	0	93.7	68.40	25.30	Lys	109.9	
chr     	29	2237027	2237102	Lys	TTT	0	0	93.7	68.40	25.30	Lys	109.9	
chr     	30	2237218	2237293	Lys	TTT	0	0	93.7	68.40	25.30	Lys	109.9	
chr     	31	2237354	2237429	Lys	TTT	0	0	93.7	68.40	25.30	Lys	109.9	
chr     	32	2237472	2237563	Undet	NNN	0	0	32.8	25.60	7.20	Lys	38.7	trunc_start:6
chr     	33	2237624	2237699	Lys	TTT	0	0	93.7	68.40	25.30	Lys	109.9	
chr     	34	2237751	2237826	Lys	TTT	0	0	92.5	66.10	26.40	Lys	109.1	
chr     	35	2237869	2237960	Undet	NNN	0	0	30.9	24.30	6.60	Lys	38.5	trunc_start:6
chr     	36	2238021	2238096	Lys	TTT	0	0	93.7	68.40	25.30	Lys	109.9	
chr     	37	2238149	2238224	Lys	TTT	0	0	92.5	66.10	26.40	Lys	109.1	
chr     	38	2238457	2238553	Undet	NNN	0	0	51.4	40.00	11.40	Lys	66.0	
chr     	39	2238632	2238715	Undet	NNN	0	0	25.6	21.00	4.60	Ile2	29.6	pseudo,trunc_start:4
chr     	40	2411914	2411990	Asp	GTC	0	0	93.0	75.90	17.10	Asp	130.6	
chr     	41	2412060	2412136	Asp	GTC	0	0	93.0	75.90	17.10	Asp	130.6	
chr     	42	2585839	2585929	Ser	TGA	0	0	80.4	45.60	34.80	Ser	113.5	
chr     	43	2814787	2814876	Ser	GGA	0	0	74.0	40.10	33.90	Ser	108.5	
chr     	44	3002743	3002819	fMet	CAT	0	0	74.2	45.50	28.70	fMet	124.1	
chr     	45	3002880	3002956	fMet	CAT	0	0	74.2	45.50	28.70	fMet	124.1	
chr     	46	3003172	3003248	fMet	CAT	0	0	77.7	48.90	28.80	fMet	125.9	
chr     	47	3003305	3003381	fMet	CAT	0	0	74.2	45.50	28.70	fMet	124.1	
chr     	48	3003496	3003572	fMet	CAT	0	0	77.7	48.90	28.80	fMet	125.9	
chr     	49	3515598	3515673	Val	TAC	0	0	82.8	53.20	29.60	Val	108.7	
chr     	50	3515721	3515796	Val	TAC	0	0	82.8	53.20	29.60	Val	108.7	
chr     	51	3515834	3515909	Val	TAC	0	0	82.8	53.20	29.60	Val	108.7	
chr     	52	3515947	3516022	Val	TAC	0	0	82.8	53.20	29.60	Val	108.7	
chr     	53	3516060	3516135	Val	TAC	0	0	82.8	53.20	29.60	Val	108.7	
chr     	54	3516173	3516248	Val	TAC	0	0	82.8	53.20	29.60	Val	108.7	
chr     	55	3516286	3516361	Val	TAC	0	0	82.8	53.20	29.60	Val	108.7	
chr     	56	3516399	3516474	Val	TAC	0	0	82.8	53.20	29.60	Val	108.7	
chr     	57	3516512	3516587	Val	TAC	0	0	82.8	53.20	29.60	Val	108.7	
chr     	58	3733990	3734065	Arg	CCT	0	0	62.7	29.50	33.20	Arg	75.3	
chr     	59	4266677	4266752	Phe	GAA	0	0	76.8	48.30	28.50	Phe	105.9	
chr     	60	4536925	4537011	Leu	CAG	0	0	71.6	37.40	34.20	Leu	111.7	
chr     	61	5465617	5465541	Asp	GTC	0	0	93.0	75.90	17.10	Asp	130.6	
chr     	62	5465435	5465340	Ser	TGA	5465400	5465376	37.3	44.40	-7.10	Ser	25.0	pseudo
chr     	63	5465234	5465139	Ser	TGA	5465199	5465175	22.1	37.70	-15.60	Ser	12.1	pseudo
chr     	64	5465020	5464925	Ser	TGA	5464985	5464961	29.7	45.00	-15.30	Ser	19.9	pseudo
chr     	65	5311219	5311143	Ile	GAT	0	0	79.2	56.80	22.40	Ile	106.9	
chr     	66	5311072	5310997	Ala	TGC	0	0	79.1	54.00	25.10	Ala	115.6	
chr     	67	5307400	5307324	Asp	GTC	0	0	93.0	75.90	17.10	Asp	130.6	
chr     	68	5303614	5303539	Thr	TGT	0	0	87.3	60.80	26.50	Thr	106.5	
chr     	69	5303531	5303447	Tyr	GTA	0	0	76.7	49.20	27.50	Tyr	116.4	
chr     	70	5303411	5303338	Gly	TCC	0	0	69.1	45.80	23.30	Gly	85.9	
chr     	71	5093927	5093851	Arg	CCG	0	0	82.8	57.70	25.10	Arg	92.7	
chr     	72	5093805	5093730	His	GTG	0	0	70.9	48.60	22.30	His	105.6	
chr     	73	5093681	5093605	Pro	TGG	0	0	77.3	44.80	32.50	Pro	106.5	
chr     	74	5093555	5093479	Pro	TGG	0	0	77.3	44.80	32.50	Pro	106.5	
chr     	75	4901161	4901077	Leu	CAA	0	0	64.9	44.90	20.00	Leu	104.4	
chr     	76	4252165	4252089	Trp	CCA	0	0	72.4	52.80	19.60	Trp	90.5	
chr     	77	4221777	4221701	Met	CAT	0	0	78.0	60.00	18.00	Met	111.6	
chr     	78	4221579	4221495	Leu	TAG	0	0	66.5	39.30	27.20	Leu	108.2	
chr     	79	4221444	4221370	Gln	TTG	0	0	68.0	38.10	29.90	Gln	95.3	
chr     	80	4221352	4221276	Met	CAT	0	0	78.0	60.00	18.00	Met	111.6	
chr     	81	4221182	4221098	Leu	TAG	0	0	66.5	39.30	27.20	Leu	108.2	
chr     	82	4221047	4220973	Gln	TTG	0	0	66.2	36.20	30.00	Gln	92.3	
chr     	83	4220866	4220782	Leu	TAG	0	0	66.5	39.30	27.20	Leu	108.2	
chr     	84	4220758	4220684	Gln	TTG	0	0	66.2	36.20	30.00	Gln	92.3	
chr     	85	4134845	4134759	Leu	GAG	0	0	76.1	44.90	31.20	Leu	112.7	
chr     	86	4134655	4134579	fMet	CAT	0	0	80.2	53.30	26.90	fMet	128.5	
chr     	87	3513763	3513688	Ala	GGC	0	0	73.9	47.00	26.90	Ala	105.8	
chr     	88	3513541	3513466	Glu	TTC	0	0	62.8	34.10	28.70	Glu	105.2	
chr     	89	3513363	3513288	Glu	TTC	0	0	62.8	34.10	28.70	Glu	105.2	
chr     	90	3513185	3513110	Glu	TTC	0	0	62.8	34.10	28.70	Glu	105.2	
chr     	91	3513007	3512932	Glu	TTC	0	0	62.8	34.10	28.70	Glu	105.2	
chr     	92	3512829	3512754	Glu	TTC	0	0	62.8	34.10	28.70	Glu	105.2	
chr     	93	3512651	3512576	Glu	TTC	0	0	62.8	34.10	28.70	Glu	105.2	
chr     	94	3512435	3512360	Glu	TTC	0	0	62.8	34.10	28.70	Glu	105.2	
chr     	95	3512219	3512144	Glu	TTC	0	0	62.8	34.10	28.70	Glu	105.2	
chr     	96	3512003	3511928	Glu	TTC	0	0	62.8	34.10	28.70	Glu	105.2	
chr     	97	3511787	3511712	Glu	TTC	0	0	62.8	34.10	28.70	Glu	105.2	
chr     	98	3511672	3511597	Ala	GGC	0	0	73.9	47.00	26.90	Ala	105.8	
chr     	99	2993300	2993210	Ser	TGA	0	0	78.2	43.90	34.30	Ser	111.7	
chr     	100	2981982	2981892	Ser	TGA	0	0	78.2	43.90	34.30	Ser	111.7	
chr     	101	2978061	2977986	Gly	GCC	0	0	82.7	51.50	31.20	Val	93.2	IPD:-0.40
chr     	102	2977955	2977882	Cys	GCA	0	0	61.7	32.90	28.80	Cys	85.7	
chr     	103	2977797	2977712	Leu	TAA	0	0	66.7	36.10	30.60	Leu	104.6	
chr     	104	2685091	2685016	Gly	GCC	0	0	82.7	51.50	31.20	Val	93.2	IPD:-0.40
chr     	105	2684974	2684901	Cys	GCA	0	0	58.7	28.50	30.20	Cys	86.4	
chr     	106	2684814	2684729	Leu	TAA	0	0	66.7	36.10	30.60	Leu	104.6	
chr     	107	2684277	2684202	Gly	GCC	0	0	82.7	51.50	31.20	Val	93.2	IPD:-0.40
chr     	108	2683934	2683861	Cys	GCA	0	0	58.7	28.50	30.20	Cys	86.4	
chr     	109	2683774	2683689	Leu	TAA	0	0	66.7	36.10	30.60	Leu	104.6	
chr     	110	2564226	2564150	Val	GAC	0	0	82.2	52.00	30.20	Val	96.5	
chr     	111	2564100	2564024	fMet	CAT	0	0	77.7	48.90	28.80	fMet	125.9	
chr     	112	2563978	2563902	fMet	CAT	0	0	74.2	45.50	28.70	fMet	124.1	
chr     	113	2563757	2563681	Val	GAC	0	0	82.2	52.00	30.20	Val	96.5	
chr     	114	2563486	2563410	fMet	CAT	0	0	74.2	45.50	28.70	fMet	124.1	
chr     	115	2563407	2563331	Val	GAC	0	0	82.2	52.00	30.20	Val	96.5	
chr     	116	2563102	2562998	Undet	NNN	0	0	20.4	11.50	8.90	fMet	56.3	
chr     	117	2485644	2485560	Tyr	GTA	0	0	76.7	49.20	27.50	Tyr	116.4	
chr     	118	2485499	2485415	Tyr	GTA	0	0	76.7	49.20	27.50	Tyr	116.4	
chr     	119	2485344	2485260	Tyr	GTA	0	0	76.7	49.20	27.50	Tyr	116.4	
chr     	120	2485192	2485108	Tyr	GTA	0	0	76.7	49.20	27.50	Tyr	116.4	
chr     	121	2478008	2477933	Asn	GTT	0	0	76.9	53.30	23.60	Asn	107.8	
chr     	122	2477880	2477805	Asn	GTT	0	0	76.3	53.60	22.70	Asn	109.3	
chr     	123	2477764	2477689	Asn	GTT	0	0	76.9	53.30	23.60	Asn	107.8	
chr     	124	2477651	2477576	Asn	GTT	0	0	76.9	53.30	23.60	Asn	107.8	
chr     	125	2477551	2477476	Asn	GTT	0	0	76.9	53.30	23.60	Asn	107.8	
chr     	126	2477447	2477372	Asn	GTT	0	0	76.3	53.60	22.70	Asn	109.3	
chr     	127	2477336	2477261	Asn	GTT	0	0	76.9	53.30	23.60	Asn	107.8	
chr     	128	2179378	2179302	Pro	GGG	0	0	71.7	45.40	26.30	Pro	95.0	
chr     	129	1669109	1669016	Pro	TGG	0	0	22.3	25.00	-2.70	Ile2	21.7	pseudo,IPD:-21.70,trunc_start:25
chr     	130	1450793	1450718	Phe	GAA	0	0	76.8	48.30	28.50	Phe	105.9	
chr     	131	1450677	1450602	Thr	TGT	0	0	87.3	60.80	26.50	Thr	106.5	
chr     	132	1449933	1449858	Phe	GAA	0	0	76.8	48.30	28.50	Phe	105.9	
chr     	133	1449817	1449742	Thr	TGT	0	0	87.3	60.80	26.50	Thr	106.5	
chr     	134	1272899	1272823	Ile2	CAT	0	0	79.5	48.60	30.90	Ile2	103.6	
