Sequence		tRNA   	Bounds 	tRNA	Anti	Intron Bounds	Inf	HMM	2'Str	Isotype	Isotype	      
Name    	tRNA #	Begin  	End    	Type	Codon	Begin	End	Score	Score	Score	CM	Score	Note
--------	------	-----  	------ 	----	-----	-----	----	------	-----	-----	-------	-------	------
chr     	1	33055  	33144  	Ser	TGA	0	0	78.5	51.60	26.90	Ser	105.7	
chr     	2	33178  	33271  	Ser	GCT	0	0	81.3	50.20	31.10	Ser	93.9	
chr     	3	33457  	33533  	Arg	ACG	0	0	89.7	69.50	20.20	Arg	100.9	
chr     	4	35334  	35424  	Ser	CGA	0	0	89.6	57.10	32.50	Ser	106.6	
chr     	5	35439  	35532  	Ser	GGA	0	0	85.8	50.20	35.60	Ser	113.5	
chr     	6	458249 	458324 	Pro	TGG	0	0	80.3	57.50	22.80	Pro	103.3	
chr     	7	458329 	458404 	Val	TAC	0	0	86.3	61.50	24.80	Val	101.6	
chr     	8	458426 	458511 	Tyr	GTA	0	0	75.9	48.80	27.10	Tyr	117.6	
chr     	9	528068 	528144 	Arg	CCT	0	0	79.2	55.00	24.20	Arg	91.6	
chr     	10	574536 	574609 	Gly	TCC	0	0	85.6	64.10	21.50	Gly	101.6	
chr     	11	574614 	574690 	Arg	TCT	0	0	87.9	65.40	22.50	Arg	100.9	
chr     	12	574702 	574778 	His	GTG	0	0	74.3	52.10	22.20	His	102.3	
chr     	13	574782 	574856 	Gln	TTG	0	0	79.7	56.00	23.70	Gln	97.7	
chr     	14	574864 	574939 	Lys	TTT	0	0	75.4	42.70	32.70	Lys	91.4	
chr     	15	574973 	575059 	Leu	CAG	0	0	60.5	43.70	16.80	Leu	107.1	
chr     	16	575067 	575142 	Gly	GCC	0	0	89.0	63.70	25.30	Gly	111.6	
chr     	17	575157 	575233 	Arg	TCG	0	0	76.1	62.60	13.50	Arg	88.8	
chr     	18	575271 	575346 	Lys	CTT	0	0	89.2	61.80	27.40	Lys	109.5	
chr     	19	596711 	596795 	Leu	TAG	0	0	73.2	50.00	23.20	Leu	110.4	
chr     	20	729637 	729726 	Leu	TAA	0	0	79.2	49.60	29.60	Leu	108.6	
chr     	21	729731 	729807 	fMet	CAT	0	0	78.4	53.70	24.70	fMet	125.1	
chr     	22	729815 	729891 	Met	CAT	0	0	74.3	47.80	26.50	Met	100.0	
chr     	23	820856 	820930 	Glu	TTC	0	0	77.4	53.60	23.80	Glu	104.8	
chr     	24	887569 	887644 	Thr	GGT	0	0	74.4	58.10	16.30	Val	86.9	IPD:-1.90
chr     	25	929494 	929568 	Asn	GTT	0	0	80.8	50.00	30.80	Asn	104.5	
chr     	26	929575 	929649 	Glu	TTC	0	0	77.3	55.80	21.50	Glu	100.7	
chr     	27	929659 	929734 	Ile2	CAT	0	0	83.2	54.90	28.30	Ile2	97.0	
chr     	28	929760 	929836 	Asp	GTC	0	0	86.9	65.50	21.40	Asp	101.0	
chr     	29	929846 	929921 	Phe	GAA	0	0	78.6	46.70	31.90	Phe	103.3	
chr     	30	929950 	930024 	Thr	CGT	0	0	86.0	60.60	25.40	Thr	97.7	
chr     	31	932143 	932228 	Tyr	GTA	0	0	77.2	48.80	28.40	Tyr	121.6	
chr     	32	932232 	932307 	Lys	TTT	0	0	75.4	42.70	32.70	Lys	91.4	
chr     	33	1353233	1353307	Asn	GTT	0	0	80.9	50.10	30.80	Asn	100.0	
chr     	34	1353314	1353389	Ile2	CAT	0	0	83.2	54.90	28.30	Ile2	97.0	
chr     	35	1359355	1359431	Val	GAC	0	0	80.8	53.40	27.40	Val	99.9	
chr     	36	1393054	1393129	Ala	GGC	0	0	71.2	57.60	13.60	Ala	84.6	
chr     	37	1873960	1874035	Trp	CCA	0	0	88.3	68.10	20.20	Trp	97.2	
chr     	38	2110017	2110090	Gln	CTG	0	0	61.9	27.20	34.70	Gln	74.1	
chr     	39	2110095	2110170	Glu	CTC	0	0	69.5	43.50	26.00	Glu	97.4	
chr     	40	2394117	2394042	Thr	TGT	0	0	79.8	54.20	25.60	Thr	96.1	
chr     	41	2209983	2209909	Pro	CGG	0	0	77.3	51.70	25.60	Pro	103.4	
chr     	42	2155114	2155030	Leu	GAG	0	0	56.2	37.90	18.30	Leu	91.2	
chr     	43	2080836	2080760	Val	CAC	0	0	85.2	57.80	27.40	Val	99.3	
chr     	44	2075914	2075839	Val	TAC	0	0	86.3	61.50	24.80	Val	101.6	
chr     	45	2075837	2075761	Asp	GTC	0	0	86.9	65.50	21.40	Asp	101.0	
chr     	46	2075755	2075680	Phe	GAA	0	0	78.6	46.70	31.90	Phe	103.3	
chr     	47	2075674	2075599	Gly	GCC	0	0	89.0	63.70	25.30	Gly	111.6	
chr     	48	2075594	2075520	Cys	GCA	0	0	79.0	47.70	31.30	Cys	97.9	
chr     	49	2054601	2054526	Ala	TGC	0	0	86.9	69.80	17.10	Ala	108.3	
chr     	50	1991628	1991553	Pro	GGG	0	0	68.7	42.00	26.70	Pro	93.6	
chr     	51	1816211	1816137	Asn	GTT	0	0	80.8	50.00	30.80	Asn	104.5	
chr     	52	1816123	1816049	Gly	CCC	0	0	90.9	71.30	19.60	Gly	104.4	
chr     	53	1476362	1476274	Leu	CAA	0	0	77.5	53.80	23.70	Leu	108.0	
chr     	54	1073928	1073853	Arg	CCG	0	0	79.5	59.50	20.00	Arg	94.6	
