Sequence		tRNA   	Bounds 	tRNA	Anti	Intron Bounds	Inf	HMM	2'Str	Isotype	Isotype	      
Name    	tRNA #	Begin  	End    	Type	Codon	Begin	End	Score	Score	Score	CM	Score	Note
--------	------	-----  	------ 	----	-----	-----	----	------	-----	-----	-------	-------	------
chr     	1	363837 	363934 	SeC	TCA	0	0	115.5	0.00	0.00	SeC	115.5	
chr     	2	441235 	441302 	Arg	CCT	0	0	24.8	19.00	5.80	Lys	29.3	IPD:-29.30,trunc_start:16
chr     	3	785819 	785904 	Ser	TGA	0	0	86.9	59.40	27.50	Ser	114.0	
chr     	4	785913 	786004 	Ser	GCT	0	0	75.9	54.60	21.30	Ser	104.2	
chr     	5	807931 	808007 	Ile	GAT	0	0	88.5	60.20	28.30	Ile	113.9	
chr     	6	808012 	808087 	Ala	TGC	0	0	82.5	60.30	22.20	Ala	115.4	
chr     	7	1046821	1046897	Arg	TCT	0	0	93.1	69.40	23.70	Arg	107.8	
chr     	8	1253753	1253828	Thr	TGT	0	0	73.5	57.50	16.00	Thr	91.4	
chr     	9	1253904	1253988	Tyr	GTA	0	0	81.2	52.50	28.70	Tyr	121.6	
chr     	10	1254007	1254082	Gly	TCC	0	0	80.6	56.50	24.10	Gly	105.3	
chr     	11	1254102	1254177	Thr	GGT	0	0	83.7	54.20	29.50	Thr	103.0	
chr     	12	1255658	1255734	Trp	CCA	0	0	79.6	58.90	20.70	Trp	81.8	
chr     	13	1305273	1305349	Arg	CCT	0	0	78.7	48.80	29.90	Arg	92.3	
chr     	14	1606558	1606643	Ser	GGA	0	0	73.0	44.80	28.20	Ser	98.4	
chr     	15	1791402	1791486	Leu	TAG	0	0	70.1	49.60	20.50	Leu	105.3	
chr     	16	2106124	2106200	fMet	CAT	0	0	78.1	52.90	25.20	fMet	125.0	
chr     	17	2262518	2262593	Thr	CGT	0	0	81.4	50.50	30.90	Thr	93.2	
chr     	18	2426698	2426774	His	GTG	0	0	78.5	57.40	21.10	His	98.9	
chr     	19	2853780	2853854	Glu	CTC	0	0	69.6	48.40	21.20	Glu	89.2	
chr     	20	2874486	2874560	Glu	CTC	0	0	69.6	48.40	21.20	Glu	89.2	
chr     	21	3358386	3358470	Tyr	GTA	0	0	81.2	52.50	28.70	Tyr	121.6	
chr     	22	3358489	3358563	Gly	TCC	0	0	62.4	49.20	13.20	Gly	83.2	
chr     	23	3358582	3358657	Thr	GGT	0	0	85.5	56.00	29.50	Thr	103.8	
chr     	24	3403959	3403883	Arg	ACG	0	0	89.5	68.10	21.40	Arg	99.9	
chr     	25	3396342	3396266	Arg	ACG	0	0	89.5	68.10	21.40	Arg	99.9	
chr     	26	3096676	3096602	Gln	TTG	0	0	73.4	49.80	23.60	Gln	98.3	
chr     	27	3096416	3096342	Gln	TTG	0	0	73.4	49.80	23.60	Gln	98.3	
chr     	28	2889552	2889477	Val	TAC	0	0	83.6	57.20	26.40	Val	102.3	
chr     	29	2889417	2889341	Asp	GTC	0	0	86.8	72.10	14.70	Asp	121.3	
chr     	30	2889322	2889247	Val	TAC	0	0	83.6	57.20	26.40	Val	102.3	
chr     	31	2889191	2889115	Asp	GTC	0	0	86.8	72.10	14.70	Asp	121.3	
chr     	32	2889095	2889020	Val	TAC	0	0	83.6	57.20	26.40	Val	102.3	
chr     	33	2888964	2888888	Asp	GTC	0	0	86.8	72.10	14.70	Asp	121.3	
chr     	34	2888869	2888794	Val	TAC	0	0	83.6	57.20	26.40	Val	102.3	
chr     	35	2888738	2888662	Asp	GTC	0	0	86.8	72.10	14.70	Asp	121.3	
chr     	36	2888642	2888567	Val	TAC	0	0	83.6	57.20	26.40	Val	102.3	
chr     	37	2888511	2888435	Asp	GTC	0	0	85.9	71.20	14.70	Asp	120.9	
chr     	38	2888414	2888339	Val	TAC	0	0	83.6	57.20	26.40	Val	102.3	
chr     	39	2888283	2888207	Asp	GTC	0	0	86.8	72.10	14.70	Asp	121.3	
chr     	40	2607832	2607756	His	GTG	0	0	77.2	56.10	21.10	His	97.0	
chr     	41	2024869	2024794	Phe	GAA	0	0	80.6	59.50	21.10	Phe	103.6	
chr     	42	2009564	2009489	Phe	GAA	0	0	80.6	59.50	21.10	Phe	103.6	
chr     	43	1947022	1946946	fMet	CAT	0	0	78.1	52.90	25.20	fMet	125.0	
chr     	44	1946920	1946844	fMet	CAT	0	0	78.1	52.90	25.20	fMet	125.0	
chr     	45	1787980	1787894	Leu	TAA	0	0	72.1	40.10	32.00	Leu	95.3	
chr     	46	1594939	1594865	Val	GAC	0	0	71.5	44.10	27.40	Val	90.9	
chr     	47	1586641	1586564	Pro	GGG	0	0	74.0	45.10	28.90	Pro	109.3	
chr     	48	1483010	1482936	Gly	GCC	0	0	72.7	44.90	27.80	Gly	99.0	
chr     	49	1462154	1462078	Ile	GAT	0	0	88.5	60.20	28.30	Ile	113.9	
chr     	50	1462073	1461998	Ala	TGC	0	0	82.5	60.30	22.20	Ala	115.4	
chr     	51	1389600	1389526	Cys	GCA	0	0	74.8	52.80	22.00	Cys	90.3	
chr     	52	1236485	1236399	Leu	CAG	0	0	69.9	39.20	30.70	Leu	106.0	
chr     	53	1217809	1217734	Ala	GGC	0	0	74.9	49.90	25.00	Ala	110.0	
chr     	54	1172018	1171942	Arg	TCG	0	0	82.2	62.20	20.00	Arg	97.6	
chr     	55	766714 	766639 	Lys	TTT	0	0	83.0	53.70	29.30	Lys	96.7	
chr     	56	766622 	766545 	Glu	TTC	0	0	65.8	37.30	28.50	Glu	96.2	
chr     	57	763275 	763200 	Lys	TTT	0	0	83.0	53.70	29.30	Lys	96.7	
chr     	58	763192 	763115 	Glu	TTC	0	0	63.2	35.40	27.80	Glu	93.8	
chr     	59	721424 	721349 	Asn	GTT	0	0	77.3	49.80	27.50	Asn	97.9	
chr     	60	721311 	721234 	Pro	TGG	0	0	87.3	62.60	24.70	Pro	111.2	
chr     	61	694797 	694721 	Ile2	CAT	0	0	89.7	64.10	25.60	Ile2	104.4	
chr     	62	671952 	671878 	Gly	GCC	0	0	72.7	44.90	27.80	Gly	99.0	
chr     	63	455538 	455452 	Leu	CAA	0	0	76.2	45.60	30.60	Leu	106.2	
chr     	64	204950 	204874 	Met	CAT	0	0	74.9	47.20	27.70	Met	101.7	
chr     	65	191992 	191885 	Met	CAT	0	0	22.7	9.60	13.10	Met	39.2	pseudo,trunc_start:6
chr     	66	109530 	109446 	Leu	GAG	0	0	60.5	30.70	29.80	Leu	98.4	
chr     	67	109206 	109122 	Leu	GAG	0	0	60.5	30.70	29.80	Leu	98.4	
plasmid_large	1	9631   	9557   	Ala	GGC	0	0	21.1	14.90	6.20	Met	23.5	IPD:-16.70,trunc_start:6
