Sequence		tRNA   	Bounds 	tRNA	Anti	Intron Bounds	Inf	HMM	2'Str	Isotype	Isotype	      
Name    	tRNA #	Begin  	End    	Type	Codon	Begin	End	Score	Score	Score	CM	Score	Note
--------	------	-----  	------ 	----	-----	-----	----	------	-----	-----	-------	-------	------
chr     	1	17420  	17512  	Ser	GGA	0	0	91.0	57.10	33.90	Ser	106.6	
chr     	2	60646  	60712  	Undet	NNN	0	0	21.4	21.40	0.00	Met	18.8	pseudo,trunc_start:29
chr     	3	97669  	97741  	Pro	TGG	0	0	75.6	53.90	21.70	Pro	85.6	
chr     	4	100490 	100562 	Pro	GGG	0	0	65.0	35.40	29.60	Pro	89.2	
chr     	5	107711 	107784 	fMet	CAT	0	0	75.2	43.80	31.40	fMet	112.5	
chr     	6	127010 	127083 	Arg	TCT	0	0	79.2	55.50	23.70	Arg	89.8	
chr     	7	136616 	136688 	Asn	GTT	0	0	63.0	37.70	25.30	Asn	83.9	
chr     	8	203060 	203132 	Arg	CCG	0	0	68.2	41.40	26.80	Arg	78.8	
chr     	9	222223 	222309 	Tyr	GTA	0	0	77.0	52.20	24.80	Tyr	108.6	
chr     	10	222315 	222386 	Gly	TCC	0	0	82.7	64.10	18.60	Gly	95.7	
chr     	11	222409 	222481 	Thr	GGT	0	0	72.1	48.10	24.00	Val	83.5	IPD:-0.50
chr     	12	223890 	223962 	Trp	CCA	0	0	72.9	48.70	24.20	Lys	76.7	IPD:-0.70
chr     	13	545814 	545885 	Val	TAC	0	0	76.1	50.60	25.50	Val	81.2	
chr     	14	552510 	552583 	Arg	CCT	0	0	69.5	37.10	32.40	Arg	82.5	
chr     	15	561958 	562030 	Val	CAC	0	0	74.4	52.80	21.60	Val	95.5	
chr     	16	626939 	627011 	Lys	TTT	0	0	76.6	48.20	28.40	Lys	96.8	
chr     	17	670771 	670854 	Leu	GAG	0	0	58.7	36.50	22.20	Leu	99.8	
chr     	18	740516 	740587 	Gly	CCC	0	0	81.4	58.60	22.80	Gly	96.8	
chr     	19	1160374	1160446	Val	GAC	0	0	64.8	41.70	23.10	Ala	85.2	IPD:-0.80
chr     	20	1187014	1187101	Ser	CGA	0	0	83.1	55.40	27.70	Ser	108.0	
chr     	21	1363429	1363506	Asp	GTC	0	0	88.9	70.90	18.00	Asp	106.1	
chr     	22	1363521	1363592	Ile2	CAT	0	0	72.2	46.30	25.90	Ile2	86.9	
chr     	23	1383334	1383416	Leu	CAG	0	0	67.9	37.70	30.20	Leu	102.4	
chr     	24	1395953	1396044	Ser	GCT	0	0	95.9	70.80	25.10	Ser	119.4	
chr     	25	1495487	1495415	Lys	CTT	0	0	78.0	48.90	29.10	Phe	95.0	IPD:-1.50
chr     	26	1409041	1408969	Phe	GAA	0	0	75.2	51.20	24.00	Phe	97.8	
chr     	27	1348873	1348801	Thr	TGT	0	0	74.4	46.10	28.30	Thr	88.2	
chr     	28	1281440	1281358	Leu	CAA	0	0	69.6	34.50	35.10	Leu	103.1	
chr     	29	1252589	1252515	Ile	GAT	0	0	74.0	40.20	33.80	Ile	99.0	
chr     	30	1252494	1252423	Ala	TGC	0	0	80.4	62.80	17.60	Ala	94.7	
chr     	31	1051328	1051239	Ser	TGA	0	0	82.1	57.50	24.60	Ser	107.8	
chr     	32	1022812	1022735	Glu	TTC	0	0	68.3	43.50	24.80	Glu	93.4	
chr     	33	956947 	956875 	Thr	CGT	0	0	77.4	53.40	24.00	Thr	86.4	
chr     	34	955122 	955050 	Met	CAT	0	0	66.6	43.20	23.40	Met	87.2	
chr     	35	948967 	948895 	Ala	GGC	0	0	64.2	47.90	16.30	Ala	86.9	
chr     	36	789667 	789593 	Ile	GAT	0	0	74.0	40.20	33.80	Ile	99.0	
chr     	37	789572 	789501 	Ala	TGC	0	0	80.4	62.80	17.60	Ala	94.7	
chr     	38	617429 	617347 	Leu	TAA	0	0	75.8	46.10	29.70	Leu	97.5	
chr     	39	612365 	612293 	Gln	TTG	0	0	73.4	43.10	30.30	Gln	84.6	
chr     	40	612273 	612201 	His	GTG	0	0	66.8	42.80	24.00	His	84.7	
chr     	41	571667 	571594 	Arg	ACG	0	0	73.2	49.20	24.00	Arg	85.1	
chr     	42	434624 	434550 	Gly	GCC	0	0	84.5	61.30	23.20	Gly	102.5	
chr     	43	134966 	134881 	Leu	TAG	0	0	72.4	42.90	29.50	Leu	105.3	
chr     	44	54617  	54546  	Cys	GCA	0	0	54.3	31.70	22.60	Cys	78.1	
chr     	45	10845  	10773  	Pro	CGG	0	0	77.0	53.30	23.70	Pro	95.4	
chr     	46	10765  	10693  	Ala	CGC	0	0	72.2	51.80	20.40	Ala	87.0	
