Sequence		tRNA   	Bounds 	tRNA	Anti	Intron Bounds	Inf	HMM	2'Str	Isotype	Isotype	      
Name    	tRNA #	Begin  	End    	Type	Codon	Begin	End	Score	Score	Score	CM	Score	Note
--------	------	-----  	------ 	----	-----	-----	----	------	-----	-----	-------	-------	------
chr     	1	728610 	728686 	Ile	GAT	0	0	88.9	57.90	31.00	Ile	111.8	
chr     	2	728715 	728790 	Ala	TGC	0	0	81.4	60.10	21.30	Ala	115.7	
chr     	3	994809 	994899 	Ser	GCT	0	0	84.4	56.80	27.60	Ser	114.5	
chr     	4	995017 	995093 	Arg	ACG	0	0	81.8	54.50	27.30	Arg	97.7	
chr     	5	995207 	995283 	Arg	ACG	0	0	81.8	54.50	27.30	Arg	97.7	
chr     	6	1063927	1064002	Lys	TTT	0	0	90.9	64.70	26.20	Lys	107.2	
chr     	7	1100417	1100506	Ser	CGA	0	0	77.3	37.20	40.10	Ser	115.3	
chr     	8	1961005	1961081	Arg	TCT	0	0	89.3	69.50	19.80	Arg	105.9	
chr     	9	1961133	1961208	His	GTG	0	0	74.5	52.50	22.00	His	106.2	
chr     	10	1961264	1961348	Leu	TAG	0	0	75.5	43.80	31.70	Leu	116.1	
chr     	11	1961415	1961490	His	GTG	0	0	74.5	52.50	22.00	His	106.2	
chr     	12	1972781	1972857	Asp	GTC	0	0	91.2	74.00	17.20	Asp	128.0	
chr     	13	3549477	3549566	Ser	GGA	0	0	82.9	42.20	40.70	Ser	121.6	
chr     	14	3738289	3738365	Pro	CGG	0	0	80.7	50.20	30.50	Pro	111.1	
chr     	15	3864996	3865071	Asn	GTT	0	0	80.7	45.40	35.30	Asn	109.1	
chr     	16	4602883	4602969	Leu	CAA	0	0	73.8	45.20	28.60	Leu	96.1	
chr     	17	5590840	5590913	Arg	ACG	0	0	51.3	26.20	25.10	Phe	70.1	IPD:-21.20
chr     	18	5696638	5696712	Gln	TTG	0	0	69.7	43.40	26.30	Gln	92.8	
chr     	19	5700386	5700462	Met	CAT	0	0	73.4	49.00	24.40	Met	107.6	
chr     	20	5998394	5998480	Leu	CAG	0	0	72.7	37.00	35.70	Leu	108.6	
chr     	21	5998610	5998696	Leu	CAG	0	0	72.7	37.00	35.70	Leu	108.6	
chr     	22	6254324	6254399	Phe	GAA	0	0	84.7	57.70	27.00	Phe	110.1	
chr     	23	6275240	6275315	Thr	TGT	0	0	87.0	64.30	22.70	Thr	104.7	
chr     	24	6508657	6508581	Ile	GAT	0	0	88.9	57.90	31.00	Ile	111.8	
chr     	25	6508552	6508477	Ala	TGC	0	0	81.4	60.10	21.30	Ala	115.7	
chr     	26	5844737	5844642	SeC	TCA	0	0	135.0	0.00	0.00	SeC	135.0	
chr     	27	5790699	5790614	Leu	GAG	0	0	65.7	38.30	27.40	Leu	100.7	
chr     	28	5790523	5790447	fMet	CAT	0	0	77.6	50.00	27.60	fMet	127.5	
chr     	29	5726018	5725942	Ile	GAT	0	0	88.9	57.90	31.00	Ile	111.8	
chr     	30	5725913	5725838	Ala	TGC	0	0	81.4	60.10	21.30	Ala	115.7	
chr     	31	5546925	5546850	Asn	GTT	0	0	80.7	45.40	35.30	Asn	109.1	
chr     	32	5546840	5546764	Pro	TGG	0	0	79.6	53.40	26.20	Pro	101.5	
chr     	33	5546753	5546678	Lys	TTT	0	0	90.9	64.70	26.20	Lys	107.2	
chr     	34	5440521	5440405	Lys	TTT	0	0	41.2	35.70	5.50	Lys	40.9	
chr     	35	5422701	5422626	Thr	CGT	0	0	82.7	63.30	19.40	Thr	103.9	
chr     	36	5145532	5145456	Ile	GAT	0	0	88.9	57.90	31.00	Ile	111.8	
chr     	37	5145427	5145352	Ala	TGC	0	0	81.4	60.10	21.30	Ala	115.7	
chr     	38	5139271	5139187	Tyr	GTA	0	0	76.6	47.40	29.20	Tyr	118.9	
chr     	39	5139160	5139087	Gly	TCC	0	0	86.0	61.80	24.20	Gly	103.0	
chr     	40	5139067	5138992	Thr	GGT	0	0	81.9	48.50	33.40	Thr	100.4	
chr     	41	5137658	5137583	Trp	CCA	0	0	86.9	63.10	23.80	Trp	96.4	
chr     	42	4125712	4125636	Arg	CCT	0	0	76.2	47.30	28.90	Arg	92.2	
chr     	43	4119726	4119652	Arg	CCT	0	0	65.2	43.60	21.60	Arg	69.8	
chr     	44	3991890	3991815	Val	TAC	0	0	84.4	59.10	25.30	Val	109.2	
chr     	45	3991798	3991722	Asp	GTC	0	0	90.7	72.90	17.80	Asp	124.1	
chr     	46	3856197	3856122	Ala	GGC	0	0	77.4	56.10	21.30	Ala	110.3	
chr     	47	3856073	3855998	Glu	TTC	0	0	68.9	38.10	30.80	Glu	105.9	
chr     	48	3855904	3855829	Ala	GGC	0	0	77.4	56.10	21.30	Ala	110.3	
chr     	49	3855782	3855707	Glu	TTC	0	0	68.9	38.10	30.80	Glu	105.9	
chr     	50	3816794	3816719	Val	TAC	0	0	84.4	59.10	25.30	Val	109.2	
chr     	51	3816702	3816626	Asp	GTC	0	0	90.7	72.90	17.80	Asp	124.1	
chr     	52	3816511	3816435	Asp	GTC	0	0	90.7	72.90	17.80	Asp	124.1	
chr     	53	3516982	3516907	Glu	TTC	0	0	68.9	38.10	30.80	Glu	105.9	
chr     	54	3516904	3516829	Gly	GCC	0	0	88.4	61.80	26.60	Gly	113.7	
chr     	55	3516744	3516669	Gly	GCC	0	0	88.4	61.80	26.60	Gly	113.7	
chr     	56	3434432	3434356	Val	GAC	0	0	84.6	56.60	28.00	Val	101.1	
chr     	57	3400289	3400213	Pro	GGG	0	0	67.3	39.10	28.20	Pro	103.1	
chr     	58	3207637	3207548	Ser	TGA	0	0	89.0	57.50	31.50	Ser	112.6	
chr     	59	3183260	3183185	Gly	GCC	0	0	88.4	61.80	26.60	Gly	113.7	
chr     	60	3073000	3072927	Cys	GCA	0	0	64.3	48.50	15.80	Cys	84.1	
chr     	61	3010484	3010398	Leu	TAA	0	0	77.5	40.50	37.00	Leu	103.1	
chr     	62	1011353	1011277	fMet	CAT	0	0	75.9	47.20	28.70	fMet	126.3	
chr     	63	905079 	904993 	Undet	NNN	0	0	27.9	29.80	-1.90	Met	27.6	pseudo
chr     	64	802652 	802579 	Gly	CCC	0	0	67.3	37.50	29.80	Gly	90.0	
chr     	65	635487 	635411 	Ile2	CAT	0	0	82.6	54.00	28.60	Ile2	107.3	
chr     	66	297697 	297621 	Arg	CCG	0	0	85.8	66.30	19.50	Arg	102.1	
