Sequence		tRNA   	Bounds 	tRNA	Anti	Intron Bounds	Inf	HMM	2'Str	Isotype	Isotype	      
Name    	tRNA #	Begin  	End    	Type	Codon	Begin	End	Score	Score	Score	CM	Score	Note
--------	------	-----  	------ 	----	-----	-----	----	------	-----	-----	-------	-------	------
chr     	1	48016  	48091  	Ala	GGC	0	0	71.9	45.80	26.10	Ala	110.4	
chr     	2	51517  	51593  	Asp	GTC	0	0	91.2	74.00	17.20	Asp	128.0	
chr     	3	51624  	51700  	Trp	CCA	0	0	74.5	50.90	23.60	Trp	87.1	
chr     	4	145991 	146066 	Glu	TTC	0	0	61.1	31.80	29.30	Glu	103.2	
chr     	5	149492 	149568 	Asp	GTC	0	0	91.2	74.00	17.20	Asp	128.0	
chr     	6	470885 	470958 	Cys	GCA	0	0	68.2	38.90	29.30	Cys	89.8	
chr     	7	475994 	476080 	Leu	TAA	0	0	68.5	38.00	30.50	Leu	103.1	
chr     	8	476104 	476177 	Cys	GCA	0	0	68.2	38.90	29.30	Cys	89.8	
chr     	9	1475536	1475620	Leu	CAA	0	0	68.2	40.50	27.70	Leu	104.3	
chr     	10	1479151	1479227	Ile	GAT	0	0	84.2	55.60	28.60	Ile	113.7	
chr     	11	1479236	1479311	Ala	TGC	0	0	76.9	50.10	26.80	Ala	111.9	
chr     	12	1482787	1482863	Asp	GTC	0	0	91.2	74.00	17.20	Asp	128.0	
chr     	13	2027160	2027233	Cys	GCA	0	0	69.9	40.40	29.50	Cys	90.6	
chr     	14	2027236	2027311	Gly	GCC	0	0	81.4	48.50	32.90	Gly	97.6	
chr     	15	2027376	2027462	Leu	TAA	0	0	68.5	38.00	30.50	Leu	103.1	
chr     	16	2027473	2027548	Gly	GCC	0	0	81.4	48.50	32.90	Gly	97.6	
chr     	17	2614928	2615015	Ser	GGA	0	0	73.4	31.00	42.40	Ser	112.4	
chr     	18	2921886	2921962	Pro	GGG	0	0	68.8	41.80	27.00	Pro	108.8	
chr     	19	2922127	2922217	Ser	TGA	0	0	79.8	49.20	30.60	Ser	108.4	
chr     	20	3054234	3054310	Met	CAT	0	0	84.4	63.20	21.20	Met	111.6	
chr     	21	3054339	3054424	Leu	CAG	0	0	59.3	44.70	14.60	Leu	100.0	
chr     	22	3054449	3054533	Leu	TAG	0	0	69.5	40.30	29.20	Leu	110.5	
chr     	23	3054561	3054635	Gln	TTG	0	0	69.7	37.60	32.10	Gln	96.4	
chr     	24	3054713	3054789	Met	CAT	0	0	82.5	61.30	21.20	Met	111.2	
chr     	25	3054813	3054898	Leu	CAG	0	0	59.3	44.70	14.60	Leu	100.0	
chr     	26	3054916	3054990	Sup	TTA	0	0	70.1	38.10	32.00	Gln	96.8	IPD:-96.80
chr     	27	3055032	3055116	Leu	TAG	0	0	69.5	41.40	28.10	Leu	110.9	
chr     	28	3055143	3055217	Gln	TTG	0	0	65.7	30.50	35.20	Gln	90.4	
chr     	29	3055259	3055343	Leu	TAG	0	0	69.5	41.40	28.10	Leu	110.9	
chr     	30	3055369	3055445	Met	CAT	0	0	84.4	63.20	21.20	Met	111.6	
chr     	31	3055468	3055553	Leu	CAG	0	0	59.3	44.70	14.60	Leu	100.0	
chr     	32	3055571	3055645	Gln	TTG	0	0	71.2	40.50	30.70	Gln	96.8	
chr     	33	3055689	3055773	Leu	TAG	0	0	69.5	41.40	28.10	Leu	110.9	
chr     	34	3055812	3055886	Gln	TTG	0	0	69.7	37.60	32.10	Gln	96.4	
chr     	35	3055928	3056012	Leu	TAG	0	0	69.5	41.40	28.10	Leu	110.9	
chr     	36	3628048	3628123	Ile2	CAT	0	0	79.5	45.30	34.20	Ile2	103.1	
chr     	37	3670955	3671030	Phe	GAA	0	0	78.6	52.70	25.90	Phe	108.4	
chr     	38	3671079	3671154	Thr	TGT	0	0	84.1	63.70	20.40	Thr	107.3	
chr     	39	3671165	3671240	Phe	GAA	0	0	77.7	51.20	26.50	Phe	109.5	
chr     	40	3671278	3671353	Asn	GTT	0	0	76.2	49.70	26.50	Asn	114.6	
chr     	41	3673653	3673728	Phe	GAA	0	0	78.6	52.70	25.90	Phe	108.4	
chr     	42	3673770	3673845	Thr	TGT	0	0	81.3	59.30	22.00	Thr	106.1	
chr     	43	3673862	3673937	Asn	GTT	0	0	77.9	51.40	26.50	Asn	111.3	
chr     	44	3673966	3674041	Thr	TGT	0	0	81.3	59.30	22.00	Thr	106.1	
chr     	45	3674056	3674131	Asn	GTT	0	0	77.9	51.40	26.50	Asn	111.3	
chr     	46	4019708	4019633	Glu	TTC	0	0	61.1	31.80	29.30	Glu	103.2	
chr     	47	4019613	4019539	Lys	TTT	0	0	87.3	59.90	27.40	Lys	99.7	
chr     	48	4019508	4019433	Val	TAC	0	0	85.9	65.10	20.80	Val	109.3	
chr     	49	4015911	4015821	Ser	TGA	0	0	79.8	49.20	30.60	Ser	108.4	
chr     	50	4004923	4004847	Arg	CCG	0	0	85.9	63.20	22.70	Arg	101.7	
chr     	51	4004811	4004736	His	GTG	0	0	75.3	51.20	24.10	His	107.9	
chr     	52	4004674	4004598	Pro	TGG	0	0	81.9	53.50	28.40	Pro	109.9	
chr     	53	4004527	4004452	His	GTG	0	0	75.3	51.20	24.10	His	107.9	
chr     	54	4004390	4004314	Pro	TGG	0	0	81.9	53.50	28.40	Pro	109.9	
chr     	55	3829243	3829168	Glu	TTC	0	0	61.1	31.80	29.30	Glu	103.2	
chr     	56	3825724	3825648	Asp	GTC	0	0	91.2	74.00	17.20	Asp	128.0	
chr     	57	3820255	3820180	Thr	TGT	0	0	81.3	59.30	22.00	Thr	106.1	
chr     	58	3820144	3820060	Tyr	GTA	0	0	71.7	47.40	24.30	Tyr	120.7	
chr     	59	3820024	3819950	Gly	TCC	0	0	70.6	42.90	27.70	Gly	86.6	
chr     	60	3819936	3819861	Thr	GGT	0	0	81.2	47.60	33.60	Thr	101.4	
chr     	61	3791782	3791707	Gly	GCC	0	0	81.4	48.50	32.90	Gly	97.6	
chr     	62	3791549	3791474	Gly	GCC	0	0	81.4	48.50	32.90	Gly	97.6	
chr     	63	3791316	3791241	Gly	GCC	0	0	81.4	48.50	32.90	Gly	97.6	
chr     	64	3791078	3791003	Gly	GCC	0	0	81.4	48.50	32.90	Gly	97.6	
chr     	65	3790963	3790887	fMet	CAT	0	0	79.3	52.30	27.00	fMet	129.0	
chr     	66	3790852	3790777	Gly	GCC	0	0	81.4	48.50	32.90	Gly	97.6	
chr     	67	3790590	3790514	fMet	CAT	0	0	76.8	48.00	28.80	fMet	126.4	
chr     	68	3790471	3790395	fMet	CAT	0	0	79.3	52.30	27.00	fMet	129.0	
chr     	69	3790352	3790276	fMet	CAT	0	0	78.5	50.80	27.70	fMet	127.6	
chr     	70	3749785	3749709	Ile	GAT	0	0	84.2	55.60	28.60	Ile	113.7	
chr     	71	3749700	3749625	Ala	TGC	0	0	76.9	50.10	26.80	Ala	111.9	
chr     	72	3746149	3746073	Asp	GTC	0	0	91.2	74.00	17.20	Asp	128.0	
chr     	73	3597349	3597257	Ser	GCT	0	0	82.6	54.30	28.30	Ser	108.8	
chr     	74	3597223	3597147	Arg	ACG	0	0	84.8	60.70	24.10	Arg	100.2	
chr     	75	3597124	3597032	Ser	GCT	0	0	87.6	54.50	33.10	Ser	113.9	
chr     	76	3596965	3596889	Arg	ACG	0	0	83.9	59.00	24.90	Arg	99.3	
chr     	77	3596833	3596757	Arg	ACG	0	0	84.8	60.70	24.10	Arg	100.2	
chr     	78	3596684	3596608	Arg	ACG	0	0	83.9	59.00	24.90	Arg	99.3	
chr     	79	3596552	3596476	Arg	ACG	0	0	84.8	60.70	24.10	Arg	100.2	
chr     	80	3596404	3596328	Arg	ACG	0	0	83.9	59.00	24.90	Arg	99.3	
chr     	81	3495487	3495404	Leu	GAG	0	0	64.8	38.10	26.70	Leu	100.5	
chr     	82	3495350	3495274	fMet	CAT	0	0	75.0	51.70	23.30	fMet	126.2	
chr     	83	3403219	3403143	Ile	GAT	0	0	84.2	55.60	28.60	Ile	113.7	
chr     	84	3403134	3403059	Ala	TGC	0	0	76.9	50.10	26.80	Ala	111.9	
chr     	85	3399592	3399517	Thr	GGT	0	0	80.0	44.10	35.90	Thr	100.3	
chr     	86	3099153	3099077	Pro	TGG	0	0	81.9	53.50	28.40	Pro	109.9	
chr     	87	2817335	2817259	Arg	TCT	0	0	82.9	61.90	21.00	Arg	100.8	
chr     	88	2431257	2431181	Val	GAC	0	0	85.9	59.60	26.30	Val	104.4	
chr     	89	2431159	2431083	Val	GAC	0	0	83.8	56.00	27.80	Val	103.4	
chr     	90	1819226	1819151	Asn	GTT	0	0	76.4	53.90	22.50	Asn	107.5	
chr     	91	1672287	1672203	Tyr	GTA	0	0	71.7	47.40	24.30	Tyr	120.7	
chr     	92	1672118	1672034	Tyr	GTA	0	0	71.7	47.40	24.30	Tyr	120.7	
chr     	93	1671949	1671865	Tyr	GTA	0	0	71.7	47.40	24.30	Tyr	120.7	
chr     	94	678373 	678299 	Gly	TCC	0	0	70.6	42.90	27.70	Gly	86.6	
